2019-02-07 11:27:51 Warning: DebugKit not enabled. You need to either install pdo_sqlite, or define the "debug_kit" connection name.
2019-02-07 11:30:02 Warning: DebugKit not enabled. You need to either install pdo_sqlite, or define the "debug_kit" connection name.
2019-02-07 11:33:22 Warning: DebugKit not enabled. You need to either install pdo_sqlite, or define the "debug_kit" connection name.
2019-02-07 11:33:47 Error: [Cake\Http\Exception\NotFoundException] Please replace src/Template/Pages/home.ctp with your own version or re-enable debug mode.
#0 /var/www/html/cakedate/vendor/cakephp/cakephp/src/View/View.php(1413): include()
#1 /var/www/html/cakedate/vendor/cakephp/cakephp/src/View/View.php(1374): Cake\View\View->_evaluate('/var/www/html/c...', Array)
#2 /var/www/html/cakedate/vendor/cakephp/cakephp/src/View/View.php(880): Cake\View\View->_render('/var/www/html/c...')
#3 /var/www/html/cakedate/vendor/cakephp/cakephp/src/Controller/Controller.php(791): Cake\View\View->render('home', NULL)
#4 /var/www/html/cakedate/src/Controller/PagesController.php(61): Cake\Controller\Controller->render('home')
#5 /var/www/html/cakedate/vendor/cakephp/cakephp/src/Controller/Controller.php(610): App\Controller\PagesController->display('home')
#6 /var/www/html/cakedate/vendor/cakephp/cakephp/src/Http/ActionDispatcher.php(120): Cake\Controller\Controller->invokeAction()
#7 /var/www/html/cakedate/vendor/cakephp/cakephp/src/Http/ActionDispatcher.php(94): Cake\Http\ActionDispatcher->_invoke(Object(App\Controller\PagesController))
#8 /var/www/html/cakedate/vendor/cakephp/cakephp/src/Http/BaseApplication.php(235): Cake\Http\ActionDispatcher->dispatch(Object(Cake\Http\ServerRequest), Object(Cake\Http\Response))
#9 /var/www/html/cakedate/vendor/cakephp/cakephp/src/Http/Runner.php(65): Cake\Http\BaseApplication->__invoke(Object(Cake\Http\ServerRequest), Object(Cake\Http\Response), Object(Cake\Http\Runner))
#10 /var/www/html/cakedate/vendor/cakephp/cakephp/src/Http/Runner.php(65): Cake\Http\Runner->__invoke(Object(Cake\Http\ServerRequest), Object(Cake\Http\Response), Object(Cake\Http\Runner))
#11 /var/www/html/cakedate/vendor/cakephp/cakephp/src/Http/Middleware/CsrfProtectionMiddleware.php(108): Cake\Http\Runner->__invoke(Object(Cake\Http\ServerRequest), Object(Cake\Http\Response))
#12 /var/www/html/cakedate/vendor/cakephp/cakephp/src/Http/Runner.php(65): Cake\Http\Middleware\CsrfProtectionMiddleware->__invoke(Object(Cake\Http\ServerRequest), Object(Cake\Http\Response), Object(Cake\Http\Runner))
#13 /var/www/html/cakedate/vendor/cakephp/cakephp/src/Http/Runner.php(51): Cake\Http\Runner->__invoke(Object(Cake\Http\ServerRequest), Object(Cake\Http\Response))
#14 /var/www/html/cakedate/vendor/cakephp/cakephp/src/Routing/Middleware/RoutingMiddleware.php(168): Cake\Http\Runner->run(Object(Cake\Http\MiddlewareQueue), Object(Cake\Http\ServerRequest), Object(Cake\Http\Response))
#15 /var/www/html/cakedate/vendor/cakephp/cakephp/src/Http/Runner.php(65): Cake\Routing\Middleware\RoutingMiddleware->__invoke(Object(Cake\Http\ServerRequest), Object(Cake\Http\Response), Object(Cake\Http\Runner))
#16 /var/www/html/cakedate/vendor/cakephp/cakephp/src/Routing/Middleware/AssetMiddleware.php(88): Cake\Http\Runner->__invoke(Object(Cake\Http\ServerRequest), Object(Cake\Http\Response))
#17 /var/www/html/cakedate/vendor/cakephp/cakephp/src/Http/Runner.php(65): Cake\Routing\Middleware\AssetMiddleware->__invoke(Object(Cake\Http\ServerRequest), Object(Cake\Http\Response), Object(Cake\Http\Runner))
#18 /var/www/html/cakedate/vendor/cakephp/cakephp/src/Error/Middleware/ErrorHandlerMiddleware.php(98): Cake\Http\Runner->__invoke(Object(Cake\Http\ServerRequest), Object(Cake\Http\Response))
#19 /var/www/html/cakedate/vendor/cakephp/cakephp/src/Http/Runner.php(65): Cake\Error\Middleware\ErrorHandlerMiddleware->__invoke(Object(Cake\Http\ServerRequest), Object(Cake\Http\Response), Object(Cake\Http\Runner))
#20 /var/www/html/cakedate/vendor/cakephp/cakephp/src/Http/Runner.php(51): Cake\Http\Runner->__invoke(Object(Cake\Http\ServerRequest), Object(Cake\Http\Response))
#21 /var/www/html/cakedate/vendor/cakephp/cakephp/src/Http/Server.php(98): Cake\Http\Runner->run(Object(Cake\Http\MiddlewareQueue), Object(Cake\Http\ServerRequest), Object(Cake\Http\Response))
#22 /var/www/html/cakedate/webroot/index.php(40): Cake\Http\Server->run()
#23 {main}
Request URL: /


2019-02-07 11:33:53 Warning: DebugKit not enabled. You need to either install pdo_sqlite, or define the "debug_kit" connection name.
2019-02-07 11:37:57 Warning: DebugKit not enabled. You need to either install pdo_sqlite, or define the "debug_kit" connection name.
2019-02-07 11:43:57 Warning: DebugKit not enabled. You need to either install pdo_sqlite, or define the "debug_kit" connection name.
2019-02-07 11:43:59 Warning: DebugKit not enabled. You need to either install pdo_sqlite, or define the "debug_kit" connection name.
2019-02-07 11:43:59 Error: [Cake\Http\Exception\InvalidCsrfTokenException] CSRF token mismatch.
#0 /var/www/html/cakedate/vendor/cakephp/cakephp/src/Http/Middleware/CsrfProtectionMiddleware.php(120): Cake\Http\Middleware\CsrfProtectionMiddleware->_validateToken(Object(Cake\Http\ServerRequest))
#1 /var/www/html/cakedate/vendor/cakephp/cakephp/src/Http/Middleware/CsrfProtectionMiddleware.php(106): Cake\Http\Middleware\CsrfProtectionMiddleware->_validateAndUnsetTokenField(Object(Cake\Http\ServerRequest))
#2 /var/www/html/cakedate/vendor/cakephp/cakephp/src/Http/Runner.php(65): Cake\Http\Middleware\CsrfProtectionMiddleware->__invoke(Object(Cake\Http\ServerRequest), Object(Cake\Http\Response), Object(Cake\Http\Runner))
#3 /var/www/html/cakedate/vendor/cakephp/cakephp/src/Http/Runner.php(51): Cake\Http\Runner->__invoke(Object(Cake\Http\ServerRequest), Object(Cake\Http\Response))
#4 /var/www/html/cakedate/vendor/cakephp/cakephp/src/Routing/Middleware/RoutingMiddleware.php(168): Cake\Http\Runner->run(Object(Cake\Http\MiddlewareQueue), Object(Cake\Http\ServerRequest), Object(Cake\Http\Response))
#5 /var/www/html/cakedate/vendor/cakephp/cakephp/src/Http/Runner.php(65): Cake\Routing\Middleware\RoutingMiddleware->__invoke(Object(Cake\Http\ServerRequest), Object(Cake\Http\Response), Object(Cake\Http\Runner))
#6 /var/www/html/cakedate/vendor/cakephp/cakephp/src/Routing/Middleware/AssetMiddleware.php(88): Cake\Http\Runner->__invoke(Object(Cake\Http\ServerRequest), Object(Cake\Http\Response))
#7 /var/www/html/cakedate/vendor/cakephp/cakephp/src/Http/Runner.php(65): Cake\Routing\Middleware\AssetMiddleware->__invoke(Object(Cake\Http\ServerRequest), Object(Cake\Http\Response), Object(Cake\Http\Runner))
#8 /var/www/html/cakedate/vendor/cakephp/cakephp/src/Error/Middleware/ErrorHandlerMiddleware.php(98): Cake\Http\Runner->__invoke(Object(Cake\Http\ServerRequest), Object(Cake\Http\Response))
#9 /var/www/html/cakedate/vendor/cakephp/cakephp/src/Http/Runner.php(65): Cake\Error\Middleware\ErrorHandlerMiddleware->__invoke(Object(Cake\Http\ServerRequest), Object(Cake\Http\Response), Object(Cake\Http\Runner))
#10 /var/www/html/cakedate/vendor/cakephp/cakephp/src/Http/Runner.php(51): Cake\Http\Runner->__invoke(Object(Cake\Http\ServerRequest), Object(Cake\Http\Response))
#11 /var/www/html/cakedate/vendor/cakephp/cakephp/src/Http/Server.php(98): Cake\Http\Runner->run(Object(Cake\Http\MiddlewareQueue), Object(Cake\Http\ServerRequest), Object(Cake\Http\Response))
#12 /var/www/html/cakedate/webroot/index.php(40): Cake\Http\Server->run()
#13 {main}
Request URL: /getdiff
Referer URL: http://localhost/cakedate/


2019-02-07 11:45:10 Warning: DebugKit not enabled. You need to either install pdo_sqlite, or define the "debug_kit" connection name.
2019-02-07 11:45:12 Warning: DebugKit not enabled. You need to either install pdo_sqlite, or define the "debug_kit" connection name.
2019-02-07 11:45:12 Error: [Cake\Http\Exception\InvalidCsrfTokenException] CSRF token mismatch.
#0 /var/www/html/cakedate/vendor/cakephp/cakephp/src/Http/Middleware/CsrfProtectionMiddleware.php(120): Cake\Http\Middleware\CsrfProtectionMiddleware->_validateToken(Object(Cake\Http\ServerRequest))
#1 /var/www/html/cakedate/vendor/cakephp/cakephp/src/Http/Middleware/CsrfProtectionMiddleware.php(106): Cake\Http\Middleware\CsrfProtectionMiddleware->_validateAndUnsetTokenField(Object(Cake\Http\ServerRequest))
#2 /var/www/html/cakedate/vendor/cakephp/cakephp/src/Http/Runner.php(65): Cake\Http\Middleware\CsrfProtectionMiddleware->__invoke(Object(Cake\Http\ServerRequest), Object(Cake\Http\Response), Object(Cake\Http\Runner))
#3 /var/www/html/cakedate/vendor/cakephp/cakephp/src/Http/Runner.php(51): Cake\Http\Runner->__invoke(Object(Cake\Http\ServerRequest), Object(Cake\Http\Response))
#4 /var/www/html/cakedate/vendor/cakephp/cakephp/src/Routing/Middleware/RoutingMiddleware.php(168): Cake\Http\Runner->run(Object(Cake\Http\MiddlewareQueue), Object(Cake\Http\ServerRequest), Object(Cake\Http\Response))
#5 /var/www/html/cakedate/vendor/cakephp/cakephp/src/Http/Runner.php(65): Cake\Routing\Middleware\RoutingMiddleware->__invoke(Object(Cake\Http\ServerRequest), Object(Cake\Http\Response), Object(Cake\Http\Runner))
#6 /var/www/html/cakedate/vendor/cakephp/cakephp/src/Routing/Middleware/AssetMiddleware.php(88): Cake\Http\Runner->__invoke(Object(Cake\Http\ServerRequest), Object(Cake\Http\Response))
#7 /var/www/html/cakedate/vendor/cakephp/cakephp/src/Http/Runner.php(65): Cake\Routing\Middleware\AssetMiddleware->__invoke(Object(Cake\Http\ServerRequest), Object(Cake\Http\Response), Object(Cake\Http\Runner))
#8 /var/www/html/cakedate/vendor/cakephp/cakephp/src/Error/Middleware/ErrorHandlerMiddleware.php(98): Cake\Http\Runner->__invoke(Object(Cake\Http\ServerRequest), Object(Cake\Http\Response))
#9 /var/www/html/cakedate/vendor/cakephp/cakephp/src/Http/Runner.php(65): Cake\Error\Middleware\ErrorHandlerMiddleware->__invoke(Object(Cake\Http\ServerRequest), Object(Cake\Http\Response), Object(Cake\Http\Runner))
#10 /var/www/html/cakedate/vendor/cakephp/cakephp/src/Http/Runner.php(51): Cake\Http\Runner->__invoke(Object(Cake\Http\ServerRequest), Object(Cake\Http\Response))
#11 /var/www/html/cakedate/vendor/cakephp/cakephp/src/Http/Server.php(98): Cake\Http\Runner->run(Object(Cake\Http\MiddlewareQueue), Object(Cake\Http\ServerRequest), Object(Cake\Http\Response))
#12 /var/www/html/cakedate/webroot/index.php(40): Cake\Http\Server->run()
#13 {main}
Request URL: /getdiff
Referer URL: http://localhost/cakedate/


2019-02-07 11:45:32 Warning: DebugKit not enabled. You need to either install pdo_sqlite, or define the "debug_kit" connection name.
2019-02-07 11:45:34 Warning: DebugKit not enabled. You need to either install pdo_sqlite, or define the "debug_kit" connection name.
2019-02-07 11:45:34 Error: [Cake\Http\Exception\InvalidCsrfTokenException] CSRF token mismatch.
#0 /var/www/html/cakedate/vendor/cakephp/cakephp/src/Http/Middleware/CsrfProtectionMiddleware.php(120): Cake\Http\Middleware\CsrfProtectionMiddleware->_validateToken(Object(Cake\Http\ServerRequest))
#1 /var/www/html/cakedate/vendor/cakephp/cakephp/src/Http/Middleware/CsrfProtectionMiddleware.php(106): Cake\Http\Middleware\CsrfProtectionMiddleware->_validateAndUnsetTokenField(Object(Cake\Http\ServerRequest))
#2 /var/www/html/cakedate/vendor/cakephp/cakephp/src/Http/Runner.php(65): Cake\Http\Middleware\CsrfProtectionMiddleware->__invoke(Object(Cake\Http\ServerRequest), Object(Cake\Http\Response), Object(Cake\Http\Runner))
#3 /var/www/html/cakedate/vendor/cakephp/cakephp/src/Http/Runner.php(51): Cake\Http\Runner->__invoke(Object(Cake\Http\ServerRequest), Object(Cake\Http\Response))
#4 /var/www/html/cakedate/vendor/cakephp/cakephp/src/Routing/Middleware/RoutingMiddleware.php(168): Cake\Http\Runner->run(Object(Cake\Http\MiddlewareQueue), Object(Cake\Http\ServerRequest), Object(Cake\Http\Response))
#5 /var/www/html/cakedate/vendor/cakephp/cakephp/src/Http/Runner.php(65): Cake\Routing\Middleware\RoutingMiddleware->__invoke(Object(Cake\Http\ServerRequest), Object(Cake\Http\Response), Object(Cake\Http\Runner))
#6 /var/www/html/cakedate/vendor/cakephp/cakephp/src/Routing/Middleware/AssetMiddleware.php(88): Cake\Http\Runner->__invoke(Object(Cake\Http\ServerRequest), Object(Cake\Http\Response))
#7 /var/www/html/cakedate/vendor/cakephp/cakephp/src/Http/Runner.php(65): Cake\Routing\Middleware\AssetMiddleware->__invoke(Object(Cake\Http\ServerRequest), Object(Cake\Http\Response), Object(Cake\Http\Runner))
#8 /var/www/html/cakedate/vendor/cakephp/cakephp/src/Error/Middleware/ErrorHandlerMiddleware.php(98): Cake\Http\Runner->__invoke(Object(Cake\Http\ServerRequest), Object(Cake\Http\Response))
#9 /var/www/html/cakedate/vendor/cakephp/cakephp/src/Http/Runner.php(65): Cake\Error\Middleware\ErrorHandlerMiddleware->__invoke(Object(Cake\Http\ServerRequest), Object(Cake\Http\Response), Object(Cake\Http\Runner))
#10 /var/www/html/cakedate/vendor/cakephp/cakephp/src/Http/Runner.php(51): Cake\Http\Runner->__invoke(Object(Cake\Http\ServerRequest), Object(Cake\Http\Response))
#11 /var/www/html/cakedate/vendor/cakephp/cakephp/src/Http/Server.php(98): Cake\Http\Runner->run(Object(Cake\Http\MiddlewareQueue), Object(Cake\Http\ServerRequest), Object(Cake\Http\Response))
#12 /var/www/html/cakedate/webroot/index.php(40): Cake\Http\Server->run()
#13 {main}
Request URL: /getdiff
Referer URL: http://localhost/cakedate/


2019-02-07 11:46:35 Warning: DebugKit not enabled. You need to either install pdo_sqlite, or define the "debug_kit" connection name.
2019-02-07 11:46:36 Warning: DebugKit not enabled. You need to either install pdo_sqlite, or define the "debug_kit" connection name.
2019-02-07 11:46:37 Error: [Cake\Http\Exception\InvalidCsrfTokenException] CSRF token mismatch.
#0 /var/www/html/cakedate/vendor/cakephp/cakephp/src/Http/Middleware/CsrfProtectionMiddleware.php(120): Cake\Http\Middleware\CsrfProtectionMiddleware->_validateToken(Object(Cake\Http\ServerRequest))
#1 /var/www/html/cakedate/vendor/cakephp/cakephp/src/Http/Middleware/CsrfProtectionMiddleware.php(106): Cake\Http\Middleware\CsrfProtectionMiddleware->_validateAndUnsetTokenField(Object(Cake\Http\ServerRequest))
#2 /var/www/html/cakedate/vendor/cakephp/cakephp/src/Http/Runner.php(65): Cake\Http\Middleware\CsrfProtectionMiddleware->__invoke(Object(Cake\Http\ServerRequest), Object(Cake\Http\Response), Object(Cake\Http\Runner))
#3 /var/www/html/cakedate/vendor/cakephp/cakephp/src/Http/Runner.php(51): Cake\Http\Runner->__invoke(Object(Cake\Http\ServerRequest), Object(Cake\Http\Response))
#4 /var/www/html/cakedate/vendor/cakephp/cakephp/src/Routing/Middleware/RoutingMiddleware.php(168): Cake\Http\Runner->run(Object(Cake\Http\MiddlewareQueue), Object(Cake\Http\ServerRequest), Object(Cake\Http\Response))
#5 /var/www/html/cakedate/vendor/cakephp/cakephp/src/Http/Runner.php(65): Cake\Routing\Middleware\RoutingMiddleware->__invoke(Object(Cake\Http\ServerRequest), Object(Cake\Http\Response), Object(Cake\Http\Runner))
#6 /var/www/html/cakedate/vendor/cakephp/cakephp/src/Routing/Middleware/AssetMiddleware.php(88): Cake\Http\Runner->__invoke(Object(Cake\Http\ServerRequest), Object(Cake\Http\Response))
#7 /var/www/html/cakedate/vendor/cakephp/cakephp/src/Http/Runner.php(65): Cake\Routing\Middleware\AssetMiddleware->__invoke(Object(Cake\Http\ServerRequest), Object(Cake\Http\Response), Object(Cake\Http\Runner))
#8 /var/www/html/cakedate/vendor/cakephp/cakephp/src/Error/Middleware/ErrorHandlerMiddleware.php(98): Cake\Http\Runner->__invoke(Object(Cake\Http\ServerRequest), Object(Cake\Http\Response))
#9 /var/www/html/cakedate/vendor/cakephp/cakephp/src/Http/Runner.php(65): Cake\Error\Middleware\ErrorHandlerMiddleware->__invoke(Object(Cake\Http\ServerRequest), Object(Cake\Http\Response), Object(Cake\Http\Runner))
#10 /var/www/html/cakedate/vendor/cakephp/cakephp/src/Http/Runner.php(51): Cake\Http\Runner->__invoke(Object(Cake\Http\ServerRequest), Object(Cake\Http\Response))
#11 /var/www/html/cakedate/vendor/cakephp/cakephp/src/Http/Server.php(98): Cake\Http\Runner->run(Object(Cake\Http\MiddlewareQueue), Object(Cake\Http\ServerRequest), Object(Cake\Http\Response))
#12 /var/www/html/cakedate/webroot/index.php(40): Cake\Http\Server->run()
#13 {main}
Request URL: /getdiff
Referer URL: http://localhost/cakedate/


2019-02-07 11:46:57 Warning: DebugKit not enabled. You need to either install pdo_sqlite, or define the "debug_kit" connection name.
2019-02-07 11:46:59 Warning: DebugKit not enabled. You need to either install pdo_sqlite, or define the "debug_kit" connection name.
2019-02-07 11:46:59 Error: [Cake\Http\Exception\InvalidCsrfTokenException] CSRF token mismatch.
#0 /var/www/html/cakedate/vendor/cakephp/cakephp/src/Http/Middleware/CsrfProtectionMiddleware.php(120): Cake\Http\Middleware\CsrfProtectionMiddleware->_validateToken(Object(Cake\Http\ServerRequest))
#1 /var/www/html/cakedate/vendor/cakephp/cakephp/src/Http/Middleware/CsrfProtectionMiddleware.php(106): Cake\Http\Middleware\CsrfProtectionMiddleware->_validateAndUnsetTokenField(Object(Cake\Http\ServerRequest))
#2 /var/www/html/cakedate/vendor/cakephp/cakephp/src/Http/Runner.php(65): Cake\Http\Middleware\CsrfProtectionMiddleware->__invoke(Object(Cake\Http\ServerRequest), Object(Cake\Http\Response), Object(Cake\Http\Runner))
#3 /var/www/html/cakedate/vendor/cakephp/cakephp/src/Http/Runner.php(51): Cake\Http\Runner->__invoke(Object(Cake\Http\ServerRequest), Object(Cake\Http\Response))
#4 /var/www/html/cakedate/vendor/cakephp/cakephp/src/Routing/Middleware/RoutingMiddleware.php(168): Cake\Http\Runner->run(Object(Cake\Http\MiddlewareQueue), Object(Cake\Http\ServerRequest), Object(Cake\Http\Response))
#5 /var/www/html/cakedate/vendor/cakephp/cakephp/src/Http/Runner.php(65): Cake\Routing\Middleware\RoutingMiddleware->__invoke(Object(Cake\Http\ServerRequest), Object(Cake\Http\Response), Object(Cake\Http\Runner))
#6 /var/www/html/cakedate/vendor/cakephp/cakephp/src/Routing/Middleware/AssetMiddleware.php(88): Cake\Http\Runner->__invoke(Object(Cake\Http\ServerRequest), Object(Cake\Http\Response))
#7 /var/www/html/cakedate/vendor/cakephp/cakephp/src/Http/Runner.php(65): Cake\Routing\Middleware\AssetMiddleware->__invoke(Object(Cake\Http\ServerRequest), Object(Cake\Http\Response), Object(Cake\Http\Runner))
#8 /var/www/html/cakedate/vendor/cakephp/cakephp/src/Error/Middleware/ErrorHandlerMiddleware.php(98): Cake\Http\Runner->__invoke(Object(Cake\Http\ServerRequest), Object(Cake\Http\Response))
#9 /var/www/html/cakedate/vendor/cakephp/cakephp/src/Http/Runner.php(65): Cake\Error\Middleware\ErrorHandlerMiddleware->__invoke(Object(Cake\Http\ServerRequest), Object(Cake\Http\Response), Object(Cake\Http\Runner))
#10 /var/www/html/cakedate/vendor/cakephp/cakephp/src/Http/Runner.php(51): Cake\Http\Runner->__invoke(Object(Cake\Http\ServerRequest), Object(Cake\Http\Response))
#11 /var/www/html/cakedate/vendor/cakephp/cakephp/src/Http/Server.php(98): Cake\Http\Runner->run(Object(Cake\Http\MiddlewareQueue), Object(Cake\Http\ServerRequest), Object(Cake\Http\Response))
#12 /var/www/html/cakedate/webroot/index.php(40): Cake\Http\Server->run()
#13 {main}
Request URL: /getdiff
Referer URL: http://localhost/cakedate/


2019-02-07 11:47:30 Warning: DebugKit not enabled. You need to either install pdo_sqlite, or define the "debug_kit" connection name.
2019-02-07 11:47:31 Warning: DebugKit not enabled. You need to either install pdo_sqlite, or define the "debug_kit" connection name.
2019-02-07 11:47:31 Error: [Cake\Http\Exception\InvalidCsrfTokenException] CSRF token mismatch.
#0 /var/www/html/cakedate/vendor/cakephp/cakephp/src/Http/Middleware/CsrfProtectionMiddleware.php(120): Cake\Http\Middleware\CsrfProtectionMiddleware->_validateToken(Object(Cake\Http\ServerRequest))
#1 /var/www/html/cakedate/vendor/cakephp/cakephp/src/Http/Middleware/CsrfProtectionMiddleware.php(106): Cake\Http\Middleware\CsrfProtectionMiddleware->_validateAndUnsetTokenField(Object(Cake\Http\ServerRequest))
#2 /var/www/html/cakedate/vendor/cakephp/cakephp/src/Http/Runner.php(65): Cake\Http\Middleware\CsrfProtectionMiddleware->__invoke(Object(Cake\Http\ServerRequest), Object(Cake\Http\Response), Object(Cake\Http\Runner))
#3 /var/www/html/cakedate/vendor/cakephp/cakephp/src/Http/Runner.php(51): Cake\Http\Runner->__invoke(Object(Cake\Http\ServerRequest), Object(Cake\Http\Response))
#4 /var/www/html/cakedate/vendor/cakephp/cakephp/src/Routing/Middleware/RoutingMiddleware.php(168): Cake\Http\Runner->run(Object(Cake\Http\MiddlewareQueue), Object(Cake\Http\ServerRequest), Object(Cake\Http\Response))
#5 /var/www/html/cakedate/vendor/cakephp/cakephp/src/Http/Runner.php(65): Cake\Routing\Middleware\RoutingMiddleware->__invoke(Object(Cake\Http\ServerRequest), Object(Cake\Http\Response), Object(Cake\Http\Runner))
#6 /var/www/html/cakedate/vendor/cakephp/cakephp/src/Routing/Middleware/AssetMiddleware.php(88): Cake\Http\Runner->__invoke(Object(Cake\Http\ServerRequest), Object(Cake\Http\Response))
#7 /var/www/html/cakedate/vendor/cakephp/cakephp/src/Http/Runner.php(65): Cake\Routing\Middleware\AssetMiddleware->__invoke(Object(Cake\Http\ServerRequest), Object(Cake\Http\Response), Object(Cake\Http\Runner))
#8 /var/www/html/cakedate/vendor/cakephp/cakephp/src/Error/Middleware/ErrorHandlerMiddleware.php(98): Cake\Http\Runner->__invoke(Object(Cake\Http\ServerRequest), Object(Cake\Http\Response))
#9 /var/www/html/cakedate/vendor/cakephp/cakephp/src/Http/Runner.php(65): Cake\Error\Middleware\ErrorHandlerMiddleware->__invoke(Object(Cake\Http\ServerRequest), Object(Cake\Http\Response), Object(Cake\Http\Runner))
#10 /var/www/html/cakedate/vendor/cakephp/cakephp/src/Http/Runner.php(51): Cake\Http\Runner->__invoke(Object(Cake\Http\ServerRequest), Object(Cake\Http\Response))
#11 /var/www/html/cakedate/vendor/cakephp/cakephp/src/Http/Server.php(98): Cake\Http\Runner->run(Object(Cake\Http\MiddlewareQueue), Object(Cake\Http\ServerRequest), Object(Cake\Http\Response))
#12 /var/www/html/cakedate/webroot/index.php(40): Cake\Http\Server->run()
#13 {main}
Request URL: /getdiff
Referer URL: http://localhost/cakedate/


2019-02-07 11:48:02 Warning: DebugKit not enabled. You need to either install pdo_sqlite, or define the "debug_kit" connection name.
2019-02-07 11:48:04 Warning: DebugKit not enabled. You need to either install pdo_sqlite, or define the "debug_kit" connection name.
2019-02-07 11:48:05 Error: [Cake\Http\Exception\InvalidCsrfTokenException] CSRF token mismatch.
#0 /var/www/html/cakedate/vendor/cakephp/cakephp/src/Http/Middleware/CsrfProtectionMiddleware.php(120): Cake\Http\Middleware\CsrfProtectionMiddleware->_validateToken(Object(Cake\Http\ServerRequest))
#1 /var/www/html/cakedate/vendor/cakephp/cakephp/src/Http/Middleware/CsrfProtectionMiddleware.php(106): Cake\Http\Middleware\CsrfProtectionMiddleware->_validateAndUnsetTokenField(Object(Cake\Http\ServerRequest))
#2 /var/www/html/cakedate/vendor/cakephp/cakephp/src/Http/Runner.php(65): Cake\Http\Middleware\CsrfProtectionMiddleware->__invoke(Object(Cake\Http\ServerRequest), Object(Cake\Http\Response), Object(Cake\Http\Runner))
#3 /var/www/html/cakedate/vendor/cakephp/cakephp/src/Http/Runner.php(51): Cake\Http\Runner->__invoke(Object(Cake\Http\ServerRequest), Object(Cake\Http\Response))
#4 /var/www/html/cakedate/vendor/cakephp/cakephp/src/Routing/Middleware/RoutingMiddleware.php(168): Cake\Http\Runner->run(Object(Cake\Http\MiddlewareQueue), Object(Cake\Http\ServerRequest), Object(Cake\Http\Response))
#5 /var/www/html/cakedate/vendor/cakephp/cakephp/src/Http/Runner.php(65): Cake\Routing\Middleware\RoutingMiddleware->__invoke(Object(Cake\Http\ServerRequest), Object(Cake\Http\Response), Object(Cake\Http\Runner))
#6 /var/www/html/cakedate/vendor/cakephp/cakephp/src/Routing/Middleware/AssetMiddleware.php(88): Cake\Http\Runner->__invoke(Object(Cake\Http\ServerRequest), Object(Cake\Http\Response))
#7 /var/www/html/cakedate/vendor/cakephp/cakephp/src/Http/Runner.php(65): Cake\Routing\Middleware\AssetMiddleware->__invoke(Object(Cake\Http\ServerRequest), Object(Cake\Http\Response), Object(Cake\Http\Runner))
#8 /var/www/html/cakedate/vendor/cakephp/cakephp/src/Error/Middleware/ErrorHandlerMiddleware.php(98): Cake\Http\Runner->__invoke(Object(Cake\Http\ServerRequest), Object(Cake\Http\Response))
#9 /var/www/html/cakedate/vendor/cakephp/cakephp/src/Http/Runner.php(65): Cake\Error\Middleware\ErrorHandlerMiddleware->__invoke(Object(Cake\Http\ServerRequest), Object(Cake\Http\Response), Object(Cake\Http\Runner))
#10 /var/www/html/cakedate/vendor/cakephp/cakephp/src/Http/Runner.php(51): Cake\Http\Runner->__invoke(Object(Cake\Http\ServerRequest), Object(Cake\Http\Response))
#11 /var/www/html/cakedate/vendor/cakephp/cakephp/src/Http/Server.php(98): Cake\Http\Runner->run(Object(Cake\Http\MiddlewareQueue), Object(Cake\Http\ServerRequest), Object(Cake\Http\Response))
#12 /var/www/html/cakedate/webroot/index.php(40): Cake\Http\Server->run()
#13 {main}
Request URL: /getdiff
Referer URL: http://localhost/cakedate/


2019-02-07 11:48:44 Warning: DebugKit not enabled. You need to either install pdo_sqlite, or define the "debug_kit" connection name.
2019-02-07 11:48:45 Warning: DebugKit not enabled. You need to either install pdo_sqlite, or define the "debug_kit" connection name.
2019-02-07 11:48:45 Error: [Cake\Http\Exception\InvalidCsrfTokenException] CSRF token mismatch.
#0 /var/www/html/cakedate/vendor/cakephp/cakephp/src/Http/Middleware/CsrfProtectionMiddleware.php(120): Cake\Http\Middleware\CsrfProtectionMiddleware->_validateToken(Object(Cake\Http\ServerRequest))
#1 /var/www/html/cakedate/vendor/cakephp/cakephp/src/Http/Middleware/CsrfProtectionMiddleware.php(106): Cake\Http\Middleware\CsrfProtectionMiddleware->_validateAndUnsetTokenField(Object(Cake\Http\ServerRequest))
#2 /var/www/html/cakedate/vendor/cakephp/cakephp/src/Http/Runner.php(65): Cake\Http\Middleware\CsrfProtectionMiddleware->__invoke(Object(Cake\Http\ServerRequest), Object(Cake\Http\Response), Object(Cake\Http\Runner))
#3 /var/www/html/cakedate/vendor/cakephp/cakephp/src/Http/Runner.php(51): Cake\Http\Runner->__invoke(Object(Cake\Http\ServerRequest), Object(Cake\Http\Response))
#4 /var/www/html/cakedate/vendor/cakephp/cakephp/src/Routing/Middleware/RoutingMiddleware.php(168): Cake\Http\Runner->run(Object(Cake\Http\MiddlewareQueue), Object(Cake\Http\ServerRequest), Object(Cake\Http\Response))
#5 /var/www/html/cakedate/vendor/cakephp/cakephp/src/Http/Runner.php(65): Cake\Routing\Middleware\RoutingMiddleware->__invoke(Object(Cake\Http\ServerRequest), Object(Cake\Http\Response), Object(Cake\Http\Runner))
#6 /var/www/html/cakedate/vendor/cakephp/cakephp/src/Routing/Middleware/AssetMiddleware.php(88): Cake\Http\Runner->__invoke(Object(Cake\Http\ServerRequest), Object(Cake\Http\Response))
#7 /var/www/html/cakedate/vendor/cakephp/cakephp/src/Http/Runner.php(65): Cake\Routing\Middleware\AssetMiddleware->__invoke(Object(Cake\Http\ServerRequest), Object(Cake\Http\Response), Object(Cake\Http\Runner))
#8 /var/www/html/cakedate/vendor/cakephp/cakephp/src/Error/Middleware/ErrorHandlerMiddleware.php(98): Cake\Http\Runner->__invoke(Object(Cake\Http\ServerRequest), Object(Cake\Http\Response))
#9 /var/www/html/cakedate/vendor/cakephp/cakephp/src/Http/Runner.php(65): Cake\Error\Middleware\ErrorHandlerMiddleware->__invoke(Object(Cake\Http\ServerRequest), Object(Cake\Http\Response), Object(Cake\Http\Runner))
#10 /var/www/html/cakedate/vendor/cakephp/cakephp/src/Http/Runner.php(51): Cake\Http\Runner->__invoke(Object(Cake\Http\ServerRequest), Object(Cake\Http\Response))
#11 /var/www/html/cakedate/vendor/cakephp/cakephp/src/Http/Server.php(98): Cake\Http\Runner->run(Object(Cake\Http\MiddlewareQueue), Object(Cake\Http\ServerRequest), Object(Cake\Http\Response))
#12 /var/www/html/cakedate/webroot/index.php(40): Cake\Http\Server->run()
#13 {main}
Request URL: /getdiff
Referer URL: http://localhost/cakedate/


2019-02-07 11:49:17 Warning: DebugKit not enabled. You need to either install pdo_sqlite, or define the "debug_kit" connection name.
2019-02-07 11:49:18 Warning: DebugKit not enabled. You need to either install pdo_sqlite, or define the "debug_kit" connection name.
2019-02-07 11:49:18 Error: [Cake\Http\Exception\InvalidCsrfTokenException] CSRF token mismatch.
#0 /var/www/html/cakedate/vendor/cakephp/cakephp/src/Http/Middleware/CsrfProtectionMiddleware.php(120): Cake\Http\Middleware\CsrfProtectionMiddleware->_validateToken(Object(Cake\Http\ServerRequest))
#1 /var/www/html/cakedate/vendor/cakephp/cakephp/src/Http/Middleware/CsrfProtectionMiddleware.php(106): Cake\Http\Middleware\CsrfProtectionMiddleware->_validateAndUnsetTokenField(Object(Cake\Http\ServerRequest))
#2 /var/www/html/cakedate/vendor/cakephp/cakephp/src/Http/Runner.php(65): Cake\Http\Middleware\CsrfProtectionMiddleware->__invoke(Object(Cake\Http\ServerRequest), Object(Cake\Http\Response), Object(Cake\Http\Runner))
#3 /var/www/html/cakedate/vendor/cakephp/cakephp/src/Http/Runner.php(51): Cake\Http\Runner->__invoke(Object(Cake\Http\ServerRequest), Object(Cake\Http\Response))
#4 /var/www/html/cakedate/vendor/cakephp/cakephp/src/Routing/Middleware/RoutingMiddleware.php(168): Cake\Http\Runner->run(Object(Cake\Http\MiddlewareQueue), Object(Cake\Http\ServerRequest), Object(Cake\Http\Response))
#5 /var/www/html/cakedate/vendor/cakephp/cakephp/src/Http/Runner.php(65): Cake\Routing\Middleware\RoutingMiddleware->__invoke(Object(Cake\Http\ServerRequest), Object(Cake\Http\Response), Object(Cake\Http\Runner))
#6 /var/www/html/cakedate/vendor/cakephp/cakephp/src/Routing/Middleware/AssetMiddleware.php(88): Cake\Http\Runner->__invoke(Object(Cake\Http\ServerRequest), Object(Cake\Http\Response))
#7 /var/www/html/cakedate/vendor/cakephp/cakephp/src/Http/Runner.php(65): Cake\Routing\Middleware\AssetMiddleware->__invoke(Object(Cake\Http\ServerRequest), Object(Cake\Http\Response), Object(Cake\Http\Runner))
#8 /var/www/html/cakedate/vendor/cakephp/cakephp/src/Error/Middleware/ErrorHandlerMiddleware.php(98): Cake\Http\Runner->__invoke(Object(Cake\Http\ServerRequest), Object(Cake\Http\Response))
#9 /var/www/html/cakedate/vendor/cakephp/cakephp/src/Http/Runner.php(65): Cake\Error\Middleware\ErrorHandlerMiddleware->__invoke(Object(Cake\Http\ServerRequest), Object(Cake\Http\Response), Object(Cake\Http\Runner))
#10 /var/www/html/cakedate/vendor/cakephp/cakephp/src/Http/Runner.php(51): Cake\Http\Runner->__invoke(Object(Cake\Http\ServerRequest), Object(Cake\Http\Response))
#11 /var/www/html/cakedate/vendor/cakephp/cakephp/src/Http/Server.php(98): Cake\Http\Runner->run(Object(Cake\Http\MiddlewareQueue), Object(Cake\Http\ServerRequest), Object(Cake\Http\Response))
#12 /var/www/html/cakedate/webroot/index.php(40): Cake\Http\Server->run()
#13 {main}
Request URL: /getdiff
Referer URL: http://localhost/cakedate/


2019-02-07 11:50:15 Warning: DebugKit not enabled. You need to either install pdo_sqlite, or define the "debug_kit" connection name.
2019-02-07 11:50:24 Warning: DebugKit not enabled. You need to either install pdo_sqlite, or define the "debug_kit" connection name.
2019-02-07 11:50:24 Error: [Cake\Http\Exception\InvalidCsrfTokenException] CSRF token mismatch.
#0 /var/www/html/cakedate/vendor/cakephp/cakephp/src/Http/Middleware/CsrfProtectionMiddleware.php(120): Cake\Http\Middleware\CsrfProtectionMiddleware->_validateToken(Object(Cake\Http\ServerRequest))
#1 /var/www/html/cakedate/vendor/cakephp/cakephp/src/Http/Middleware/CsrfProtectionMiddleware.php(106): Cake\Http\Middleware\CsrfProtectionMiddleware->_validateAndUnsetTokenField(Object(Cake\Http\ServerRequest))
#2 /var/www/html/cakedate/vendor/cakephp/cakephp/src/Http/Runner.php(65): Cake\Http\Middleware\CsrfProtectionMiddleware->__invoke(Object(Cake\Http\ServerRequest), Object(Cake\Http\Response), Object(Cake\Http\Runner))
#3 /var/www/html/cakedate/vendor/cakephp/cakephp/src/Http/Runner.php(51): Cake\Http\Runner->__invoke(Object(Cake\Http\ServerRequest), Object(Cake\Http\Response))
#4 /var/www/html/cakedate/vendor/cakephp/cakephp/src/Routing/Middleware/RoutingMiddleware.php(168): Cake\Http\Runner->run(Object(Cake\Http\MiddlewareQueue), Object(Cake\Http\ServerRequest), Object(Cake\Http\Response))
#5 /var/www/html/cakedate/vendor/cakephp/cakephp/src/Http/Runner.php(65): Cake\Routing\Middleware\RoutingMiddleware->__invoke(Object(Cake\Http\ServerRequest), Object(Cake\Http\Response), Object(Cake\Http\Runner))
#6 /var/www/html/cakedate/vendor/cakephp/cakephp/src/Routing/Middleware/AssetMiddleware.php(88): Cake\Http\Runner->__invoke(Object(Cake\Http\ServerRequest), Object(Cake\Http\Response))
#7 /var/www/html/cakedate/vendor/cakephp/cakephp/src/Http/Runner.php(65): Cake\Routing\Middleware\AssetMiddleware->__invoke(Object(Cake\Http\ServerRequest), Object(Cake\Http\Response), Object(Cake\Http\Runner))
#8 /var/www/html/cakedate/vendor/cakephp/cakephp/src/Error/Middleware/ErrorHandlerMiddleware.php(98): Cake\Http\Runner->__invoke(Object(Cake\Http\ServerRequest), Object(Cake\Http\Response))
#9 /var/www/html/cakedate/vendor/cakephp/cakephp/src/Http/Runner.php(65): Cake\Error\Middleware\ErrorHandlerMiddleware->__invoke(Object(Cake\Http\ServerRequest), Object(Cake\Http\Response), Object(Cake\Http\Runner))
#10 /var/www/html/cakedate/vendor/cakephp/cakephp/src/Http/Runner.php(51): Cake\Http\Runner->__invoke(Object(Cake\Http\ServerRequest), Object(Cake\Http\Response))
#11 /var/www/html/cakedate/vendor/cakephp/cakephp/src/Http/Server.php(98): Cake\Http\Runner->run(Object(Cake\Http\MiddlewareQueue), Object(Cake\Http\ServerRequest), Object(Cake\Http\Response))
#12 /var/www/html/cakedate/webroot/index.php(40): Cake\Http\Server->run()
#13 {main}
Request URL: /getdiff
Referer URL: http://localhost/cakedate/


2019-02-07 11:51:01 Warning: DebugKit not enabled. You need to either install pdo_sqlite, or define the "debug_kit" connection name.
2019-02-07 11:51:07 Warning: DebugKit not enabled. You need to either install pdo_sqlite, or define the "debug_kit" connection name.
2019-02-07 11:51:07 Error: [Cake\Http\Exception\InvalidCsrfTokenException] CSRF token mismatch.
#0 /var/www/html/cakedate/vendor/cakephp/cakephp/src/Http/Middleware/CsrfProtectionMiddleware.php(120): Cake\Http\Middleware\CsrfProtectionMiddleware->_validateToken(Object(Cake\Http\ServerRequest))
#1 /var/www/html/cakedate/vendor/cakephp/cakephp/src/Http/Middleware/CsrfProtectionMiddleware.php(106): Cake\Http\Middleware\CsrfProtectionMiddleware->_validateAndUnsetTokenField(Object(Cake\Http\ServerRequest))
#2 /var/www/html/cakedate/vendor/cakephp/cakephp/src/Http/Runner.php(65): Cake\Http\Middleware\CsrfProtectionMiddleware->__invoke(Object(Cake\Http\ServerRequest), Object(Cake\Http\Response), Object(Cake\Http\Runner))
#3 /var/www/html/cakedate/vendor/cakephp/cakephp/src/Http/Runner.php(51): Cake\Http\Runner->__invoke(Object(Cake\Http\ServerRequest), Object(Cake\Http\Response))
#4 /var/www/html/cakedate/vendor/cakephp/cakephp/src/Routing/Middleware/RoutingMiddleware.php(168): Cake\Http\Runner->run(Object(Cake\Http\MiddlewareQueue), Object(Cake\Http\ServerRequest), Object(Cake\Http\Response))
#5 /var/www/html/cakedate/vendor/cakephp/cakephp/src/Http/Runner.php(65): Cake\Routing\Middleware\RoutingMiddleware->__invoke(Object(Cake\Http\ServerRequest), Object(Cake\Http\Response), Object(Cake\Http\Runner))
#6 /var/www/html/cakedate/vendor/cakephp/cakephp/src/Routing/Middleware/AssetMiddleware.php(88): Cake\Http\Runner->__invoke(Object(Cake\Http\ServerRequest), Object(Cake\Http\Response))
#7 /var/www/html/cakedate/vendor/cakephp/cakephp/src/Http/Runner.php(65): Cake\Routing\Middleware\AssetMiddleware->__invoke(Object(Cake\Http\ServerRequest), Object(Cake\Http\Response), Object(Cake\Http\Runner))
#8 /var/www/html/cakedate/vendor/cakephp/cakephp/src/Error/Middleware/ErrorHandlerMiddleware.php(98): Cake\Http\Runner->__invoke(Object(Cake\Http\ServerRequest), Object(Cake\Http\Response))
#9 /var/www/html/cakedate/vendor/cakephp/cakephp/src/Http/Runner.php(65): Cake\Error\Middleware\ErrorHandlerMiddleware->__invoke(Object(Cake\Http\ServerRequest), Object(Cake\Http\Response), Object(Cake\Http\Runner))
#10 /var/www/html/cakedate/vendor/cakephp/cakephp/src/Http/Runner.php(51): Cake\Http\Runner->__invoke(Object(Cake\Http\ServerRequest), Object(Cake\Http\Response))
#11 /var/www/html/cakedate/vendor/cakephp/cakephp/src/Http/Server.php(98): Cake\Http\Runner->run(Object(Cake\Http\MiddlewareQueue), Object(Cake\Http\ServerRequest), Object(Cake\Http\Response))
#12 /var/www/html/cakedate/webroot/index.php(40): Cake\Http\Server->run()
#13 {main}
Request URL: /
Referer URL: http://localhost/cakedate/


2019-02-07 11:51:27 Warning: DebugKit not enabled. You need to either install pdo_sqlite, or define the "debug_kit" connection name.
2019-02-07 11:51:28 Warning: DebugKit not enabled. You need to either install pdo_sqlite, or define the "debug_kit" connection name.
2019-02-07 11:51:32 Warning: DebugKit not enabled. You need to either install pdo_sqlite, or define the "debug_kit" connection name.
2019-02-07 11:51:32 Error: [Cake\Http\Exception\InvalidCsrfTokenException] CSRF token mismatch.
#0 /var/www/html/cakedate/vendor/cakephp/cakephp/src/Http/Middleware/CsrfProtectionMiddleware.php(120): Cake\Http\Middleware\CsrfProtectionMiddleware->_validateToken(Object(Cake\Http\ServerRequest))
#1 /var/www/html/cakedate/vendor/cakephp/cakephp/src/Http/Middleware/CsrfProtectionMiddleware.php(106): Cake\Http\Middleware\CsrfProtectionMiddleware->_validateAndUnsetTokenField(Object(Cake\Http\ServerRequest))
#2 /var/www/html/cakedate/vendor/cakephp/cakephp/src/Http/Runner.php(65): Cake\Http\Middleware\CsrfProtectionMiddleware->__invoke(Object(Cake\Http\ServerRequest), Object(Cake\Http\Response), Object(Cake\Http\Runner))
#3 /var/www/html/cakedate/vendor/cakephp/cakephp/src/Http/Runner.php(51): Cake\Http\Runner->__invoke(Object(Cake\Http\ServerRequest), Object(Cake\Http\Response))
#4 /var/www/html/cakedate/vendor/cakephp/cakephp/src/Routing/Middleware/RoutingMiddleware.php(168): Cake\Http\Runner->run(Object(Cake\Http\MiddlewareQueue), Object(Cake\Http\ServerRequest), Object(Cake\Http\Response))
#5 /var/www/html/cakedate/vendor/cakephp/cakephp/src/Http/Runner.php(65): Cake\Routing\Middleware\RoutingMiddleware->__invoke(Object(Cake\Http\ServerRequest), Object(Cake\Http\Response), Object(Cake\Http\Runner))
#6 /var/www/html/cakedate/vendor/cakephp/cakephp/src/Routing/Middleware/AssetMiddleware.php(88): Cake\Http\Runner->__invoke(Object(Cake\Http\ServerRequest), Object(Cake\Http\Response))
#7 /var/www/html/cakedate/vendor/cakephp/cakephp/src/Http/Runner.php(65): Cake\Routing\Middleware\AssetMiddleware->__invoke(Object(Cake\Http\ServerRequest), Object(Cake\Http\Response), Object(Cake\Http\Runner))
#8 /var/www/html/cakedate/vendor/cakephp/cakephp/src/Error/Middleware/ErrorHandlerMiddleware.php(98): Cake\Http\Runner->__invoke(Object(Cake\Http\ServerRequest), Object(Cake\Http\Response))
#9 /var/www/html/cakedate/vendor/cakephp/cakephp/src/Http/Runner.php(65): Cake\Error\Middleware\ErrorHandlerMiddleware->__invoke(Object(Cake\Http\ServerRequest), Object(Cake\Http\Response), Object(Cake\Http\Runner))
#10 /var/www/html/cakedate/vendor/cakephp/cakephp/src/Http/Runner.php(51): Cake\Http\Runner->__invoke(Object(Cake\Http\ServerRequest), Object(Cake\Http\Response))
#11 /var/www/html/cakedate/vendor/cakephp/cakephp/src/Http/Server.php(98): Cake\Http\Runner->run(Object(Cake\Http\MiddlewareQueue), Object(Cake\Http\ServerRequest), Object(Cake\Http\Response))
#12 /var/www/html/cakedate/webroot/index.php(40): Cake\Http\Server->run()
#13 {main}
Request URL: /getdiff
Referer URL: http://localhost/cakedate/


2019-02-07 11:51:37 Warning: DebugKit not enabled. You need to either install pdo_sqlite, or define the "debug_kit" connection name.
2019-02-07 11:51:37 Error: [Cake\Http\Exception\InvalidCsrfTokenException] CSRF token mismatch.
#0 /var/www/html/cakedate/vendor/cakephp/cakephp/src/Http/Middleware/CsrfProtectionMiddleware.php(120): Cake\Http\Middleware\CsrfProtectionMiddleware->_validateToken(Object(Cake\Http\ServerRequest))
#1 /var/www/html/cakedate/vendor/cakephp/cakephp/src/Http/Middleware/CsrfProtectionMiddleware.php(106): Cake\Http\Middleware\CsrfProtectionMiddleware->_validateAndUnsetTokenField(Object(Cake\Http\ServerRequest))
#2 /var/www/html/cakedate/vendor/cakephp/cakephp/src/Http/Runner.php(65): Cake\Http\Middleware\CsrfProtectionMiddleware->__invoke(Object(Cake\Http\ServerRequest), Object(Cake\Http\Response), Object(Cake\Http\Runner))
#3 /var/www/html/cakedate/vendor/cakephp/cakephp/src/Http/Runner.php(51): Cake\Http\Runner->__invoke(Object(Cake\Http\ServerRequest), Object(Cake\Http\Response))
#4 /var/www/html/cakedate/vendor/cakephp/cakephp/src/Routing/Middleware/RoutingMiddleware.php(168): Cake\Http\Runner->run(Object(Cake\Http\MiddlewareQueue), Object(Cake\Http\ServerRequest), Object(Cake\Http\Response))
#5 /var/www/html/cakedate/vendor/cakephp/cakephp/src/Http/Runner.php(65): Cake\Routing\Middleware\RoutingMiddleware->__invoke(Object(Cake\Http\ServerRequest), Object(Cake\Http\Response), Object(Cake\Http\Runner))
#6 /var/www/html/cakedate/vendor/cakephp/cakephp/src/Routing/Middleware/AssetMiddleware.php(88): Cake\Http\Runner->__invoke(Object(Cake\Http\ServerRequest), Object(Cake\Http\Response))
#7 /var/www/html/cakedate/vendor/cakephp/cakephp/src/Http/Runner.php(65): Cake\Routing\Middleware\AssetMiddleware->__invoke(Object(Cake\Http\ServerRequest), Object(Cake\Http\Response), Object(Cake\Http\Runner))
#8 /var/www/html/cakedate/vendor/cakephp/cakephp/src/Error/Middleware/ErrorHandlerMiddleware.php(98): Cake\Http\Runner->__invoke(Object(Cake\Http\ServerRequest), Object(Cake\Http\Response))
#9 /var/www/html/cakedate/vendor/cakephp/cakephp/src/Http/Runner.php(65): Cake\Error\Middleware\ErrorHandlerMiddleware->__invoke(Object(Cake\Http\ServerRequest), Object(Cake\Http\Response), Object(Cake\Http\Runner))
#10 /var/www/html/cakedate/vendor/cakephp/cakephp/src/Http/Runner.php(51): Cake\Http\Runner->__invoke(Object(Cake\Http\ServerRequest), Object(Cake\Http\Response))
#11 /var/www/html/cakedate/vendor/cakephp/cakephp/src/Http/Server.php(98): Cake\Http\Runner->run(Object(Cake\Http\MiddlewareQueue), Object(Cake\Http\ServerRequest), Object(Cake\Http\Response))
#12 /var/www/html/cakedate/webroot/index.php(40): Cake\Http\Server->run()
#13 {main}
Request URL: /getdiff
Referer URL: http://localhost/cakedate/


2019-02-07 11:53:18 Warning: DebugKit not enabled. You need to either install pdo_sqlite, or define the "debug_kit" connection name.
2019-02-07 11:53:23 Warning: DebugKit not enabled. You need to either install pdo_sqlite, or define the "debug_kit" connection name.
2019-02-07 11:53:23 Error: [Cake\Http\Exception\InvalidCsrfTokenException] CSRF token mismatch.
#0 /var/www/html/cakedate/vendor/cakephp/cakephp/src/Http/Middleware/CsrfProtectionMiddleware.php(120): Cake\Http\Middleware\CsrfProtectionMiddleware->_validateToken(Object(Cake\Http\ServerRequest))
#1 /var/www/html/cakedate/vendor/cakephp/cakephp/src/Http/Middleware/CsrfProtectionMiddleware.php(106): Cake\Http\Middleware\CsrfProtectionMiddleware->_validateAndUnsetTokenField(Object(Cake\Http\ServerRequest))
#2 /var/www/html/cakedate/vendor/cakephp/cakephp/src/Http/Runner.php(65): Cake\Http\Middleware\CsrfProtectionMiddleware->__invoke(Object(Cake\Http\ServerRequest), Object(Cake\Http\Response), Object(Cake\Http\Runner))
#3 /var/www/html/cakedate/vendor/cakephp/cakephp/src/Http/Runner.php(51): Cake\Http\Runner->__invoke(Object(Cake\Http\ServerRequest), Object(Cake\Http\Response))
#4 /var/www/html/cakedate/vendor/cakephp/cakephp/src/Routing/Middleware/RoutingMiddleware.php(168): Cake\Http\Runner->run(Object(Cake\Http\MiddlewareQueue), Object(Cake\Http\ServerRequest), Object(Cake\Http\Response))
#5 /var/www/html/cakedate/vendor/cakephp/cakephp/src/Http/Runner.php(65): Cake\Routing\Middleware\RoutingMiddleware->__invoke(Object(Cake\Http\ServerRequest), Object(Cake\Http\Response), Object(Cake\Http\Runner))
#6 /var/www/html/cakedate/vendor/cakephp/cakephp/src/Routing/Middleware/AssetMiddleware.php(88): Cake\Http\Runner->__invoke(Object(Cake\Http\ServerRequest), Object(Cake\Http\Response))
#7 /var/www/html/cakedate/vendor/cakephp/cakephp/src/Http/Runner.php(65): Cake\Routing\Middleware\AssetMiddleware->__invoke(Object(Cake\Http\ServerRequest), Object(Cake\Http\Response), Object(Cake\Http\Runner))
#8 /var/www/html/cakedate/vendor/cakephp/cakephp/src/Error/Middleware/ErrorHandlerMiddleware.php(98): Cake\Http\Runner->__invoke(Object(Cake\Http\ServerRequest), Object(Cake\Http\Response))
#9 /var/www/html/cakedate/vendor/cakephp/cakephp/src/Http/Runner.php(65): Cake\Error\Middleware\ErrorHandlerMiddleware->__invoke(Object(Cake\Http\ServerRequest), Object(Cake\Http\Response), Object(Cake\Http\Runner))
#10 /var/www/html/cakedate/vendor/cakephp/cakephp/src/Http/Runner.php(51): Cake\Http\Runner->__invoke(Object(Cake\Http\ServerRequest), Object(Cake\Http\Response))
#11 /var/www/html/cakedate/vendor/cakephp/cakephp/src/Http/Server.php(98): Cake\Http\Runner->run(Object(Cake\Http\MiddlewareQueue), Object(Cake\Http\ServerRequest), Object(Cake\Http\Response))
#12 /var/www/html/cakedate/webroot/index.php(40): Cake\Http\Server->run()
#13 {main}
Request URL: /getdiff
Referer URL: http://localhost/cakedate/


2019-02-07 11:54:01 Warning: DebugKit not enabled. You need to either install pdo_sqlite, or define the "debug_kit" connection name.
2019-02-07 11:54:01 Error: [Cake\Routing\Exception\MissingControllerException] Controller class Getdiff could not be found.
Exception Attributes: array (
  'class' => 'Getdiff',
  'plugin' => false,
  'prefix' => false,
  '_ext' => false,
)
#0 /var/www/html/cakedate/vendor/cakephp/cakephp/src/Http/ControllerFactory.php(39): Cake\Http\ControllerFactory->missingController(Object(Cake\Http\ServerRequest))
#1 /var/www/html/cakedate/vendor/cakephp/cakephp/src/Http/ActionDispatcher.php(91): Cake\Http\ControllerFactory->create(Object(Cake\Http\ServerRequest), Object(Cake\Http\Response))
#2 /var/www/html/cakedate/vendor/cakephp/cakephp/src/Http/BaseApplication.php(235): Cake\Http\ActionDispatcher->dispatch(Object(Cake\Http\ServerRequest), Object(Cake\Http\Response))
#3 /var/www/html/cakedate/vendor/cakephp/cakephp/src/Http/Runner.php(65): Cake\Http\BaseApplication->__invoke(Object(Cake\Http\ServerRequest), Object(Cake\Http\Response), Object(Cake\Http\Runner))
#4 /var/www/html/cakedate/vendor/cakephp/cakephp/src/Http/Runner.php(65): Cake\Http\Runner->__invoke(Object(Cake\Http\ServerRequest), Object(Cake\Http\Response), Object(Cake\Http\Runner))
#5 /var/www/html/cakedate/vendor/cakephp/cakephp/src/Http/Middleware/CsrfProtectionMiddleware.php(108): Cake\Http\Runner->__invoke(Object(Cake\Http\ServerRequest), Object(Cake\Http\Response))
#6 /var/www/html/cakedate/vendor/cakephp/cakephp/src/Http/Runner.php(65): Cake\Http\Middleware\CsrfProtectionMiddleware->__invoke(Object(Cake\Http\ServerRequest), Object(Cake\Http\Response), Object(Cake\Http\Runner))
#7 /var/www/html/cakedate/vendor/cakephp/cakephp/src/Http/Runner.php(51): Cake\Http\Runner->__invoke(Object(Cake\Http\ServerRequest), Object(Cake\Http\Response))
#8 /var/www/html/cakedate/vendor/cakephp/cakephp/src/Routing/Middleware/RoutingMiddleware.php(168): Cake\Http\Runner->run(Object(Cake\Http\MiddlewareQueue), Object(Cake\Http\ServerRequest), Object(Cake\Http\Response))
#9 /var/www/html/cakedate/vendor/cakephp/cakephp/src/Http/Runner.php(65): Cake\Routing\Middleware\RoutingMiddleware->__invoke(Object(Cake\Http\ServerRequest), Object(Cake\Http\Response), Object(Cake\Http\Runner))
#10 /var/www/html/cakedate/vendor/cakephp/cakephp/src/Routing/Middleware/AssetMiddleware.php(88): Cake\Http\Runner->__invoke(Object(Cake\Http\ServerRequest), Object(Cake\Http\Response))
#11 /var/www/html/cakedate/vendor/cakephp/cakephp/src/Http/Runner.php(65): Cake\Routing\Middleware\AssetMiddleware->__invoke(Object(Cake\Http\ServerRequest), Object(Cake\Http\Response), Object(Cake\Http\Runner))
#12 /var/www/html/cakedate/vendor/cakephp/cakephp/src/Error/Middleware/ErrorHandlerMiddleware.php(98): Cake\Http\Runner->__invoke(Object(Cake\Http\ServerRequest), Object(Cake\Http\Response))
#13 /var/www/html/cakedate/vendor/cakephp/cakephp/src/Http/Runner.php(65): Cake\Error\Middleware\ErrorHandlerMiddleware->__invoke(Object(Cake\Http\ServerRequest), Object(Cake\Http\Response), Object(Cake\Http\Runner))
#14 /var/www/html/cakedate/vendor/cakephp/cakephp/src/Http/Runner.php(51): Cake\Http\Runner->__invoke(Object(Cake\Http\ServerRequest), Object(Cake\Http\Response))
#15 /var/www/html/cakedate/vendor/cakephp/cakephp/src/Http/Server.php(98): Cake\Http\Runner->run(Object(Cake\Http\MiddlewareQueue), Object(Cake\Http\ServerRequest), Object(Cake\Http\Response))
#16 /var/www/html/cakedate/webroot/index.php(40): Cake\Http\Server->run()
#17 {main}
Request URL: /getdiff


2019-02-07 11:54:54 Warning: DebugKit not enabled. You need to either install pdo_sqlite, or define the "debug_kit" connection name.
2019-02-07 11:54:54 Warning: DebugKit not enabled. You need to either install pdo_sqlite, or define the "debug_kit" connection name.
2019-02-07 11:55:06 Warning: DebugKit not enabled. You need to either install pdo_sqlite, or define the "debug_kit" connection name.
2019-02-07 11:55:06 Error: [Cake\View\Exception\MissingTemplateException] Template file "Pages/calc.ctp" is missing.
Exception Attributes: array (
  'file' => 'Pages/calc.ctp',
)
#0 /var/www/html/cakedate/vendor/cakephp/cakephp/src/View/View.php(876): Cake\View\View->_getViewFileName('calc')
#1 /var/www/html/cakedate/vendor/cakephp/cakephp/src/Controller/Controller.php(791): Cake\View\View->render('calc', NULL)
#2 /var/www/html/cakedate/src/Controller/PagesController.php(61): Cake\Controller\Controller->render('calc')
#3 /var/www/html/cakedate/vendor/cakephp/cakephp/src/Controller/Controller.php(610): App\Controller\PagesController->display('calc')
#4 /var/www/html/cakedate/vendor/cakephp/cakephp/src/Http/ActionDispatcher.php(120): Cake\Controller\Controller->invokeAction()
#5 /var/www/html/cakedate/vendor/cakephp/cakephp/src/Http/ActionDispatcher.php(94): Cake\Http\ActionDispatcher->_invoke(Object(App\Controller\PagesController))
#6 /var/www/html/cakedate/vendor/cakephp/cakephp/src/Http/BaseApplication.php(235): Cake\Http\ActionDispatcher->dispatch(Object(Cake\Http\ServerRequest), Object(Cake\Http\Response))
#7 /var/www/html/cakedate/vendor/cakephp/cakephp/src/Http/Runner.php(65): Cake\Http\BaseApplication->__invoke(Object(Cake\Http\ServerRequest), Object(Cake\Http\Response), Object(Cake\Http\Runner))
#8 /var/www/html/cakedate/vendor/cakephp/cakephp/src/Http/Runner.php(65): Cake\Http\Runner->__invoke(Object(Cake\Http\ServerRequest), Object(Cake\Http\Response), Object(Cake\Http\Runner))
#9 /var/www/html/cakedate/vendor/cakephp/cakephp/src/Http/Middleware/CsrfProtectionMiddleware.php(108): Cake\Http\Runner->__invoke(Object(Cake\Http\ServerRequest), Object(Cake\Http\Response))
#10 /var/www/html/cakedate/vendor/cakephp/cakephp/src/Http/Runner.php(65): Cake\Http\Middleware\CsrfProtectionMiddleware->__invoke(Object(Cake\Http\ServerRequest), Object(Cake\Http\Response), Object(Cake\Http\Runner))
#11 /var/www/html/cakedate/vendor/cakephp/cakephp/src/Http/Runner.php(51): Cake\Http\Runner->__invoke(Object(Cake\Http\ServerRequest), Object(Cake\Http\Response))
#12 /var/www/html/cakedate/vendor/cakephp/cakephp/src/Routing/Middleware/RoutingMiddleware.php(168): Cake\Http\Runner->run(Object(Cake\Http\MiddlewareQueue), Object(Cake\Http\ServerRequest), Object(Cake\Http\Response))
#13 /var/www/html/cakedate/vendor/cakephp/cakephp/src/Http/Runner.php(65): Cake\Routing\Middleware\RoutingMiddleware->__invoke(Object(Cake\Http\ServerRequest), Object(Cake\Http\Response), Object(Cake\Http\Runner))
#14 /var/www/html/cakedate/vendor/cakephp/cakephp/src/Routing/Middleware/AssetMiddleware.php(88): Cake\Http\Runner->__invoke(Object(Cake\Http\ServerRequest), Object(Cake\Http\Response))
#15 /var/www/html/cakedate/vendor/cakephp/cakephp/src/Http/Runner.php(65): Cake\Routing\Middleware\AssetMiddleware->__invoke(Object(Cake\Http\ServerRequest), Object(Cake\Http\Response), Object(Cake\Http\Runner))
#16 /var/www/html/cakedate/vendor/cakephp/cakephp/src/Error/Middleware/ErrorHandlerMiddleware.php(98): Cake\Http\Runner->__invoke(Object(Cake\Http\ServerRequest), Object(Cake\Http\Response))
#17 /var/www/html/cakedate/vendor/cakephp/cakephp/src/Http/Runner.php(65): Cake\Error\Middleware\ErrorHandlerMiddleware->__invoke(Object(Cake\Http\ServerRequest), Object(Cake\Http\Response), Object(Cake\Http\Runner))
#18 /var/www/html/cakedate/vendor/cakephp/cakephp/src/Http/Runner.php(51): Cake\Http\Runner->__invoke(Object(Cake\Http\ServerRequest), Object(Cake\Http\Response))
#19 /var/www/html/cakedate/vendor/cakephp/cakephp/src/Http/Server.php(98): Cake\Http\Runner->run(Object(Cake\Http\MiddlewareQueue), Object(Cake\Http\ServerRequest), Object(Cake\Http\Response))
#20 /var/www/html/cakedate/webroot/index.php(40): Cake\Http\Server->run()
#21 {main}
Request URL: /pages/calc


2019-02-07 11:55:46 Warning: DebugKit not enabled. You need to either install pdo_sqlite, or define the "debug_kit" connection name.
2019-02-07 11:56:10 Warning: DebugKit not enabled. You need to either install pdo_sqlite, or define the "debug_kit" connection name.
2019-02-07 11:56:29 Warning: DebugKit not enabled. You need to either install pdo_sqlite, or define the "debug_kit" connection name.
2019-02-07 11:56:44 Warning: DebugKit not enabled. You need to either install pdo_sqlite, or define the "debug_kit" connection name.
2019-02-07 11:56:46 Warning: DebugKit not enabled. You need to either install pdo_sqlite, or define the "debug_kit" connection name.
2019-02-07 11:56:46 Error: [Cake\Routing\Exception\MissingControllerException] Controller class Calc could not be found.
Exception Attributes: array (
  'class' => 'Calc',
  'plugin' => false,
  'prefix' => false,
  '_ext' => false,
)
#0 /var/www/html/cakedate/vendor/cakephp/cakephp/src/Http/ControllerFactory.php(39): Cake\Http\ControllerFactory->missingController(Object(Cake\Http\ServerRequest))
#1 /var/www/html/cakedate/vendor/cakephp/cakephp/src/Http/ActionDispatcher.php(91): Cake\Http\ControllerFactory->create(Object(Cake\Http\ServerRequest), Object(Cake\Http\Response))
#2 /var/www/html/cakedate/vendor/cakephp/cakephp/src/Http/BaseApplication.php(235): Cake\Http\ActionDispatcher->dispatch(Object(Cake\Http\ServerRequest), Object(Cake\Http\Response))
#3 /var/www/html/cakedate/vendor/cakephp/cakephp/src/Http/Runner.php(65): Cake\Http\BaseApplication->__invoke(Object(Cake\Http\ServerRequest), Object(Cake\Http\Response), Object(Cake\Http\Runner))
#4 /var/www/html/cakedate/vendor/cakephp/cakephp/src/Http/Runner.php(65): Cake\Http\Runner->__invoke(Object(Cake\Http\ServerRequest), Object(Cake\Http\Response), Object(Cake\Http\Runner))
#5 /var/www/html/cakedate/vendor/cakephp/cakephp/src/Http/Middleware/CsrfProtectionMiddleware.php(108): Cake\Http\Runner->__invoke(Object(Cake\Http\ServerRequest), Object(Cake\Http\Response))
#6 /var/www/html/cakedate/vendor/cakephp/cakephp/src/Http/Runner.php(65): Cake\Http\Middleware\CsrfProtectionMiddleware->__invoke(Object(Cake\Http\ServerRequest), Object(Cake\Http\Response), Object(Cake\Http\Runner))
#7 /var/www/html/cakedate/vendor/cakephp/cakephp/src/Http/Runner.php(51): Cake\Http\Runner->__invoke(Object(Cake\Http\ServerRequest), Object(Cake\Http\Response))
#8 /var/www/html/cakedate/vendor/cakephp/cakephp/src/Routing/Middleware/RoutingMiddleware.php(168): Cake\Http\Runner->run(Object(Cake\Http\MiddlewareQueue), Object(Cake\Http\ServerRequest), Object(Cake\Http\Response))
#9 /var/www/html/cakedate/vendor/cakephp/cakephp/src/Http/Runner.php(65): Cake\Routing\Middleware\RoutingMiddleware->__invoke(Object(Cake\Http\ServerRequest), Object(Cake\Http\Response), Object(Cake\Http\Runner))
#10 /var/www/html/cakedate/vendor/cakephp/cakephp/src/Routing/Middleware/AssetMiddleware.php(88): Cake\Http\Runner->__invoke(Object(Cake\Http\ServerRequest), Object(Cake\Http\Response))
#11 /var/www/html/cakedate/vendor/cakephp/cakephp/src/Http/Runner.php(65): Cake\Routing\Middleware\AssetMiddleware->__invoke(Object(Cake\Http\ServerRequest), Object(Cake\Http\Response), Object(Cake\Http\Runner))
#12 /var/www/html/cakedate/vendor/cakephp/cakephp/src/Error/Middleware/ErrorHandlerMiddleware.php(98): Cake\Http\Runner->__invoke(Object(Cake\Http\ServerRequest), Object(Cake\Http\Response))
#13 /var/www/html/cakedate/vendor/cakephp/cakephp/src/Http/Runner.php(65): Cake\Error\Middleware\ErrorHandlerMiddleware->__invoke(Object(Cake\Http\ServerRequest), Object(Cake\Http\Response), Object(Cake\Http\Runner))
#14 /var/www/html/cakedate/vendor/cakephp/cakephp/src/Http/Runner.php(51): Cake\Http\Runner->__invoke(Object(Cake\Http\ServerRequest), Object(Cake\Http\Response))
#15 /var/www/html/cakedate/vendor/cakephp/cakephp/src/Http/Server.php(98): Cake\Http\Runner->run(Object(Cake\Http\MiddlewareQueue), Object(Cake\Http\ServerRequest), Object(Cake\Http\Response))
#16 /var/www/html/cakedate/webroot/index.php(40): Cake\Http\Server->run()
#17 {main}
Request URL: /calc


2019-02-07 11:57:28 Warning: DebugKit not enabled. You need to either install pdo_sqlite, or define the "debug_kit" connection name.
2019-02-07 11:57:28 Error: [Cake\Routing\Exception\MissingControllerException] Controller class Calc could not be found.
Exception Attributes: array (
  'class' => 'Calc',
  'plugin' => false,
  'prefix' => false,
  '_ext' => false,
)
#0 /var/www/html/cakedate/vendor/cakephp/cakephp/src/Http/ControllerFactory.php(39): Cake\Http\ControllerFactory->missingController(Object(Cake\Http\ServerRequest))
#1 /var/www/html/cakedate/vendor/cakephp/cakephp/src/Http/ActionDispatcher.php(91): Cake\Http\ControllerFactory->create(Object(Cake\Http\ServerRequest), Object(Cake\Http\Response))
#2 /var/www/html/cakedate/vendor/cakephp/cakephp/src/Http/BaseApplication.php(235): Cake\Http\ActionDispatcher->dispatch(Object(Cake\Http\ServerRequest), Object(Cake\Http\Response))
#3 /var/www/html/cakedate/vendor/cakephp/cakephp/src/Http/Runner.php(65): Cake\Http\BaseApplication->__invoke(Object(Cake\Http\ServerRequest), Object(Cake\Http\Response), Object(Cake\Http\Runner))
#4 /var/www/html/cakedate/vendor/cakephp/cakephp/src/Http/Runner.php(65): Cake\Http\Runner->__invoke(Object(Cake\Http\ServerRequest), Object(Cake\Http\Response), Object(Cake\Http\Runner))
#5 /var/www/html/cakedate/vendor/cakephp/cakephp/src/Http/Middleware/CsrfProtectionMiddleware.php(108): Cake\Http\Runner->__invoke(Object(Cake\Http\ServerRequest), Object(Cake\Http\Response))
#6 /var/www/html/cakedate/vendor/cakephp/cakephp/src/Http/Runner.php(65): Cake\Http\Middleware\CsrfProtectionMiddleware->__invoke(Object(Cake\Http\ServerRequest), Object(Cake\Http\Response), Object(Cake\Http\Runner))
#7 /var/www/html/cakedate/vendor/cakephp/cakephp/src/Http/Runner.php(51): Cake\Http\Runner->__invoke(Object(Cake\Http\ServerRequest), Object(Cake\Http\Response))
#8 /var/www/html/cakedate/vendor/cakephp/cakephp/src/Routing/Middleware/RoutingMiddleware.php(168): Cake\Http\Runner->run(Object(Cake\Http\MiddlewareQueue), Object(Cake\Http\ServerRequest), Object(Cake\Http\Response))
#9 /var/www/html/cakedate/vendor/cakephp/cakephp/src/Http/Runner.php(65): Cake\Routing\Middleware\RoutingMiddleware->__invoke(Object(Cake\Http\ServerRequest), Object(Cake\Http\Response), Object(Cake\Http\Runner))
#10 /var/www/html/cakedate/vendor/cakephp/cakephp/src/Routing/Middleware/AssetMiddleware.php(88): Cake\Http\Runner->__invoke(Object(Cake\Http\ServerRequest), Object(Cake\Http\Response))
#11 /var/www/html/cakedate/vendor/cakephp/cakephp/src/Http/Runner.php(65): Cake\Routing\Middleware\AssetMiddleware->__invoke(Object(Cake\Http\ServerRequest), Object(Cake\Http\Response), Object(Cake\Http\Runner))
#12 /var/www/html/cakedate/vendor/cakephp/cakephp/src/Error/Middleware/ErrorHandlerMiddleware.php(98): Cake\Http\Runner->__invoke(Object(Cake\Http\ServerRequest), Object(Cake\Http\Response))
#13 /var/www/html/cakedate/vendor/cakephp/cakephp/src/Http/Runner.php(65): Cake\Error\Middleware\ErrorHandlerMiddleware->__invoke(Object(Cake\Http\ServerRequest), Object(Cake\Http\Response), Object(Cake\Http\Runner))
#14 /var/www/html/cakedate/vendor/cakephp/cakephp/src/Http/Runner.php(51): Cake\Http\Runner->__invoke(Object(Cake\Http\ServerRequest), Object(Cake\Http\Response))
#15 /var/www/html/cakedate/vendor/cakephp/cakephp/src/Http/Server.php(98): Cake\Http\Runner->run(Object(Cake\Http\MiddlewareQueue), Object(Cake\Http\ServerRequest), Object(Cake\Http\Response))
#16 /var/www/html/cakedate/webroot/index.php(40): Cake\Http\Server->run()
#17 {main}
Request URL: /calc


2019-02-07 11:58:45 Warning: DebugKit not enabled. You need to either install pdo_sqlite, or define the "debug_kit" connection name.
2019-02-07 11:59:09 Warning: DebugKit not enabled. You need to either install pdo_sqlite, or define the "debug_kit" connection name.
2019-02-07 11:59:23 Warning: DebugKit not enabled. You need to either install pdo_sqlite, or define the "debug_kit" connection name.
2019-02-07 11:59:23 Error: [Cake\Http\Exception\InvalidCsrfTokenException] CSRF token mismatch.
#0 /var/www/html/cakedate/vendor/cakephp/cakephp/src/Http/Middleware/CsrfProtectionMiddleware.php(120): Cake\Http\Middleware\CsrfProtectionMiddleware->_validateToken(Object(Cake\Http\ServerRequest))
#1 /var/www/html/cakedate/vendor/cakephp/cakephp/src/Http/Middleware/CsrfProtectionMiddleware.php(106): Cake\Http\Middleware\CsrfProtectionMiddleware->_validateAndUnsetTokenField(Object(Cake\Http\ServerRequest))
#2 /var/www/html/cakedate/vendor/cakephp/cakephp/src/Http/Runner.php(65): Cake\Http\Middleware\CsrfProtectionMiddleware->__invoke(Object(Cake\Http\ServerRequest), Object(Cake\Http\Response), Object(Cake\Http\Runner))
#3 /var/www/html/cakedate/vendor/cakephp/cakephp/src/Http/Runner.php(51): Cake\Http\Runner->__invoke(Object(Cake\Http\ServerRequest), Object(Cake\Http\Response))
#4 /var/www/html/cakedate/vendor/cakephp/cakephp/src/Routing/Middleware/RoutingMiddleware.php(168): Cake\Http\Runner->run(Object(Cake\Http\MiddlewareQueue), Object(Cake\Http\ServerRequest), Object(Cake\Http\Response))
#5 /var/www/html/cakedate/vendor/cakephp/cakephp/src/Http/Runner.php(65): Cake\Routing\Middleware\RoutingMiddleware->__invoke(Object(Cake\Http\ServerRequest), Object(Cake\Http\Response), Object(Cake\Http\Runner))
#6 /var/www/html/cakedate/vendor/cakephp/cakephp/src/Routing/Middleware/AssetMiddleware.php(88): Cake\Http\Runner->__invoke(Object(Cake\Http\ServerRequest), Object(Cake\Http\Response))
#7 /var/www/html/cakedate/vendor/cakephp/cakephp/src/Http/Runner.php(65): Cake\Routing\Middleware\AssetMiddleware->__invoke(Object(Cake\Http\ServerRequest), Object(Cake\Http\Response), Object(Cake\Http\Runner))
#8 /var/www/html/cakedate/vendor/cakephp/cakephp/src/Error/Middleware/ErrorHandlerMiddleware.php(98): Cake\Http\Runner->__invoke(Object(Cake\Http\ServerRequest), Object(Cake\Http\Response))
#9 /var/www/html/cakedate/vendor/cakephp/cakephp/src/Http/Runner.php(65): Cake\Error\Middleware\ErrorHandlerMiddleware->__invoke(Object(Cake\Http\ServerRequest), Object(Cake\Http\Response), Object(Cake\Http\Runner))
#10 /var/www/html/cakedate/vendor/cakephp/cakephp/src/Http/Runner.php(51): Cake\Http\Runner->__invoke(Object(Cake\Http\ServerRequest), Object(Cake\Http\Response))
#11 /var/www/html/cakedate/vendor/cakephp/cakephp/src/Http/Server.php(98): Cake\Http\Runner->run(Object(Cake\Http\MiddlewareQueue), Object(Cake\Http\ServerRequest), Object(Cake\Http\Response))
#12 /var/www/html/cakedate/webroot/index.php(40): Cake\Http\Server->run()
#13 {main}
Request URL: /calc
Referer URL: http://localhost/cakedate/


2019-02-07 11:59:42 Warning: DebugKit not enabled. You need to either install pdo_sqlite, or define the "debug_kit" connection name.
2019-02-07 12:02:10 Warning: DebugKit not enabled. You need to either install pdo_sqlite, or define the "debug_kit" connection name.
2019-02-07 12:02:12 Warning: DebugKit not enabled. You need to either install pdo_sqlite, or define the "debug_kit" connection name.
2019-02-07 12:02:21 Warning: DebugKit not enabled. You need to either install pdo_sqlite, or define the "debug_kit" connection name.
2019-02-07 12:02:22 Error: [Cake\Http\Exception\InvalidCsrfTokenException] CSRF token mismatch.
#0 /var/www/html/cakedate/vendor/cakephp/cakephp/src/Http/Middleware/CsrfProtectionMiddleware.php(120): Cake\Http\Middleware\CsrfProtectionMiddleware->_validateToken(Object(Cake\Http\ServerRequest))
#1 /var/www/html/cakedate/vendor/cakephp/cakephp/src/Http/Middleware/CsrfProtectionMiddleware.php(106): Cake\Http\Middleware\CsrfProtectionMiddleware->_validateAndUnsetTokenField(Object(Cake\Http\ServerRequest))
#2 /var/www/html/cakedate/vendor/cakephp/cakephp/src/Http/Runner.php(65): Cake\Http\Middleware\CsrfProtectionMiddleware->__invoke(Object(Cake\Http\ServerRequest), Object(Cake\Http\Response), Object(Cake\Http\Runner))
#3 /var/www/html/cakedate/vendor/cakephp/cakephp/src/Http/Runner.php(51): Cake\Http\Runner->__invoke(Object(Cake\Http\ServerRequest), Object(Cake\Http\Response))
#4 /var/www/html/cakedate/vendor/cakephp/cakephp/src/Routing/Middleware/RoutingMiddleware.php(168): Cake\Http\Runner->run(Object(Cake\Http\MiddlewareQueue), Object(Cake\Http\ServerRequest), Object(Cake\Http\Response))
#5 /var/www/html/cakedate/vendor/cakephp/cakephp/src/Http/Runner.php(65): Cake\Routing\Middleware\RoutingMiddleware->__invoke(Object(Cake\Http\ServerRequest), Object(Cake\Http\Response), Object(Cake\Http\Runner))
#6 /var/www/html/cakedate/vendor/cakephp/cakephp/src/Routing/Middleware/AssetMiddleware.php(88): Cake\Http\Runner->__invoke(Object(Cake\Http\ServerRequest), Object(Cake\Http\Response))
#7 /var/www/html/cakedate/vendor/cakephp/cakephp/src/Http/Runner.php(65): Cake\Routing\Middleware\AssetMiddleware->__invoke(Object(Cake\Http\ServerRequest), Object(Cake\Http\Response), Object(Cake\Http\Runner))
#8 /var/www/html/cakedate/vendor/cakephp/cakephp/src/Error/Middleware/ErrorHandlerMiddleware.php(98): Cake\Http\Runner->__invoke(Object(Cake\Http\ServerRequest), Object(Cake\Http\Response))
#9 /var/www/html/cakedate/vendor/cakephp/cakephp/src/Http/Runner.php(65): Cake\Error\Middleware\ErrorHandlerMiddleware->__invoke(Object(Cake\Http\ServerRequest), Object(Cake\Http\Response), Object(Cake\Http\Runner))
#10 /var/www/html/cakedate/vendor/cakephp/cakephp/src/Http/Runner.php(51): Cake\Http\Runner->__invoke(Object(Cake\Http\ServerRequest), Object(Cake\Http\Response))
#11 /var/www/html/cakedate/vendor/cakephp/cakephp/src/Http/Server.php(98): Cake\Http\Runner->run(Object(Cake\Http\MiddlewareQueue), Object(Cake\Http\ServerRequest), Object(Cake\Http\Response))
#12 /var/www/html/cakedate/webroot/index.php(40): Cake\Http\Server->run()
#13 {main}
Request URL: /calc
Referer URL: http://localhost/cakedate/


2019-02-07 12:03:22 Warning: DebugKit not enabled. You need to either install pdo_sqlite, or define the "debug_kit" connection name.
2019-02-07 12:03:25 Warning: DebugKit not enabled. You need to either install pdo_sqlite, or define the "debug_kit" connection name.
2019-02-07 12:03:25 Error: [Cake\Http\Exception\InvalidCsrfTokenException] CSRF token mismatch.
#0 /var/www/html/cakedate/vendor/cakephp/cakephp/src/Http/Middleware/CsrfProtectionMiddleware.php(120): Cake\Http\Middleware\CsrfProtectionMiddleware->_validateToken(Object(Cake\Http\ServerRequest))
#1 /var/www/html/cakedate/vendor/cakephp/cakephp/src/Http/Middleware/CsrfProtectionMiddleware.php(106): Cake\Http\Middleware\CsrfProtectionMiddleware->_validateAndUnsetTokenField(Object(Cake\Http\ServerRequest))
#2 /var/www/html/cakedate/vendor/cakephp/cakephp/src/Http/Runner.php(65): Cake\Http\Middleware\CsrfProtectionMiddleware->__invoke(Object(Cake\Http\ServerRequest), Object(Cake\Http\Response), Object(Cake\Http\Runner))
#3 /var/www/html/cakedate/vendor/cakephp/cakephp/src/Http/Runner.php(51): Cake\Http\Runner->__invoke(Object(Cake\Http\ServerRequest), Object(Cake\Http\Response))
#4 /var/www/html/cakedate/vendor/cakephp/cakephp/src/Routing/Middleware/RoutingMiddleware.php(168): Cake\Http\Runner->run(Object(Cake\Http\MiddlewareQueue), Object(Cake\Http\ServerRequest), Object(Cake\Http\Response))
#5 /var/www/html/cakedate/vendor/cakephp/cakephp/src/Http/Runner.php(65): Cake\Routing\Middleware\RoutingMiddleware->__invoke(Object(Cake\Http\ServerRequest), Object(Cake\Http\Response), Object(Cake\Http\Runner))
#6 /var/www/html/cakedate/vendor/cakephp/cakephp/src/Routing/Middleware/AssetMiddleware.php(88): Cake\Http\Runner->__invoke(Object(Cake\Http\ServerRequest), Object(Cake\Http\Response))
#7 /var/www/html/cakedate/vendor/cakephp/cakephp/src/Http/Runner.php(65): Cake\Routing\Middleware\AssetMiddleware->__invoke(Object(Cake\Http\ServerRequest), Object(Cake\Http\Response), Object(Cake\Http\Runner))
#8 /var/www/html/cakedate/vendor/cakephp/cakephp/src/Error/Middleware/ErrorHandlerMiddleware.php(98): Cake\Http\Runner->__invoke(Object(Cake\Http\ServerRequest), Object(Cake\Http\Response))
#9 /var/www/html/cakedate/vendor/cakephp/cakephp/src/Http/Runner.php(65): Cake\Error\Middleware\ErrorHandlerMiddleware->__invoke(Object(Cake\Http\ServerRequest), Object(Cake\Http\Response), Object(Cake\Http\Runner))
#10 /var/www/html/cakedate/vendor/cakephp/cakephp/src/Http/Runner.php(51): Cake\Http\Runner->__invoke(Object(Cake\Http\ServerRequest), Object(Cake\Http\Response))
#11 /var/www/html/cakedate/vendor/cakephp/cakephp/src/Http/Server.php(98): Cake\Http\Runner->run(Object(Cake\Http\MiddlewareQueue), Object(Cake\Http\ServerRequest), Object(Cake\Http\Response))
#12 /var/www/html/cakedate/webroot/index.php(40): Cake\Http\Server->run()
#13 {main}
Request URL: /
Referer URL: http://localhost/cakedate/


2019-02-07 12:10:50 Warning: DebugKit not enabled. You need to either install pdo_sqlite, or define the "debug_kit" connection name.
2019-02-07 12:10:50 Error: [Cake\Http\Exception\InvalidCsrfTokenException] CSRF token mismatch.
#0 /var/www/html/cakedate/vendor/cakephp/cakephp/src/Http/Middleware/CsrfProtectionMiddleware.php(120): Cake\Http\Middleware\CsrfProtectionMiddleware->_validateToken(Object(Cake\Http\ServerRequest))
#1 /var/www/html/cakedate/vendor/cakephp/cakephp/src/Http/Middleware/CsrfProtectionMiddleware.php(106): Cake\Http\Middleware\CsrfProtectionMiddleware->_validateAndUnsetTokenField(Object(Cake\Http\ServerRequest))
#2 /var/www/html/cakedate/vendor/cakephp/cakephp/src/Http/Runner.php(65): Cake\Http\Middleware\CsrfProtectionMiddleware->__invoke(Object(Cake\Http\ServerRequest), Object(Cake\Http\Response), Object(Cake\Http\Runner))
#3 /var/www/html/cakedate/vendor/cakephp/cakephp/src/Http/Runner.php(51): Cake\Http\Runner->__invoke(Object(Cake\Http\ServerRequest), Object(Cake\Http\Response))
#4 /var/www/html/cakedate/vendor/cakephp/cakephp/src/Routing/Middleware/RoutingMiddleware.php(168): Cake\Http\Runner->run(Object(Cake\Http\MiddlewareQueue), Object(Cake\Http\ServerRequest), Object(Cake\Http\Response))
#5 /var/www/html/cakedate/vendor/cakephp/cakephp/src/Http/Runner.php(65): Cake\Routing\Middleware\RoutingMiddleware->__invoke(Object(Cake\Http\ServerRequest), Object(Cake\Http\Response), Object(Cake\Http\Runner))
#6 /var/www/html/cakedate/vendor/cakephp/cakephp/src/Routing/Middleware/AssetMiddleware.php(88): Cake\Http\Runner->__invoke(Object(Cake\Http\ServerRequest), Object(Cake\Http\Response))
#7 /var/www/html/cakedate/vendor/cakephp/cakephp/src/Http/Runner.php(65): Cake\Routing\Middleware\AssetMiddleware->__invoke(Object(Cake\Http\ServerRequest), Object(Cake\Http\Response), Object(Cake\Http\Runner))
#8 /var/www/html/cakedate/vendor/cakephp/cakephp/src/Error/Middleware/ErrorHandlerMiddleware.php(98): Cake\Http\Runner->__invoke(Object(Cake\Http\ServerRequest), Object(Cake\Http\Response))
#9 /var/www/html/cakedate/vendor/cakephp/cakephp/src/Http/Runner.php(65): Cake\Error\Middleware\ErrorHandlerMiddleware->__invoke(Object(Cake\Http\ServerRequest), Object(Cake\Http\Response), Object(Cake\Http\Runner))
#10 /var/www/html/cakedate/vendor/cakephp/cakephp/src/Http/Runner.php(51): Cake\Http\Runner->__invoke(Object(Cake\Http\ServerRequest), Object(Cake\Http\Response))
#11 /var/www/html/cakedate/vendor/cakephp/cakephp/src/Http/Server.php(98): Cake\Http\Runner->run(Object(Cake\Http\MiddlewareQueue), Object(Cake\Http\ServerRequest), Object(Cake\Http\Response))
#12 /var/www/html/cakedate/webroot/index.php(40): Cake\Http\Server->run()
#13 {main}
Request URL: /
Referer URL: http://localhost/cakedate/


2019-02-07 12:10:52 Warning: DebugKit not enabled. You need to either install pdo_sqlite, or define the "debug_kit" connection name.
2019-02-07 12:11:38 Warning: DebugKit not enabled. You need to either install pdo_sqlite, or define the "debug_kit" connection name.
2019-02-07 12:13:02 Warning: DebugKit not enabled. You need to either install pdo_sqlite, or define the "debug_kit" connection name.
2019-02-07 12:13:10 Warning: DebugKit not enabled. You need to either install pdo_sqlite, or define the "debug_kit" connection name.
2019-02-07 12:13:10 Error: Fatal Error (1): Class 'App\Controller\Time' not found in [/var/www/html/cakedate/src/Controller/CalcController.php, line 41]
Request URL: /calc
Referer URL: http://localhost/cakedate/
Client IP: 127.0.0.1
Trace:
Cake\Error\BaseErrorHandler::handleFatalError() - CORE/src/Error/BaseErrorHandler.php, line 229
Cake\Error\BaseErrorHandler::Cake\Error\{closure}() - CORE/src/Error/BaseErrorHandler.php, line 110
[main] - [internal], line ??



2019-02-07 12:13:10 Error: [Cake\Error\FatalErrorException] Class 'App\Controller\Time' not found in /var/www/html/cakedate/src/Controller/CalcController.php on line 41
Stack Trace:
#0 /var/www/html/cakedate/vendor/cakephp/cakephp/src/Error/BaseErrorHandler.php(110): Cake\Error\BaseErrorHandler->handleFatalError(1, 'Class 'App\\Cont...', '/var/www/html/c...', 41)
#1 [internal function]: Cake\Error\BaseErrorHandler->Cake\Error\{closure}()
#2 {main}


Request URL: /calc
Referer URL: http://localhost/cakedate/
Client IP: 127.0.0.1
2019-02-07 12:13:11 Warning: DebugKit not enabled. You need to either install pdo_sqlite, or define the "debug_kit" connection name.
2019-02-07 12:13:11 Error: Fatal Error (1): Class 'App\Controller\Time' not found in [/var/www/html/cakedate/src/Controller/CalcController.php, line 41]
Request URL: /calc
Referer URL: http://localhost/cakedate/
Client IP: 127.0.0.1
Trace:
Cake\Error\BaseErrorHandler::handleFatalError() - CORE/src/Error/BaseErrorHandler.php, line 229
Cake\Error\BaseErrorHandler::Cake\Error\{closure}() - CORE/src/Error/BaseErrorHandler.php, line 110
[main] - [internal], line ??



2019-02-07 12:13:11 Error: [Cake\Error\FatalErrorException] Class 'App\Controller\Time' not found in /var/www/html/cakedate/src/Controller/CalcController.php on line 41
Stack Trace:
#0 /var/www/html/cakedate/vendor/cakephp/cakephp/src/Error/BaseErrorHandler.php(110): Cake\Error\BaseErrorHandler->handleFatalError(1, 'Class 'App\\Cont...', '/var/www/html/c...', 41)
#1 [internal function]: Cake\Error\BaseErrorHandler->Cake\Error\{closure}()
#2 {main}


Request URL: /calc
Referer URL: http://localhost/cakedate/
Client IP: 127.0.0.1
2019-02-07 12:13:12 Warning: DebugKit not enabled. You need to either install pdo_sqlite, or define the "debug_kit" connection name.
2019-02-07 12:13:12 Error: Fatal Error (1): Class 'App\Controller\Time' not found in [/var/www/html/cakedate/src/Controller/CalcController.php, line 41]
Request URL: /calc
Referer URL: http://localhost/cakedate/
Client IP: 127.0.0.1
Trace:
Cake\Error\BaseErrorHandler::handleFatalError() - CORE/src/Error/BaseErrorHandler.php, line 229
Cake\Error\BaseErrorHandler::Cake\Error\{closure}() - CORE/src/Error/BaseErrorHandler.php, line 110
[main] - [internal], line ??



2019-02-07 12:13:12 Error: [Cake\Error\FatalErrorException] Class 'App\Controller\Time' not found in /var/www/html/cakedate/src/Controller/CalcController.php on line 41
Stack Trace:
#0 /var/www/html/cakedate/vendor/cakephp/cakephp/src/Error/BaseErrorHandler.php(110): Cake\Error\BaseErrorHandler->handleFatalError(1, 'Class 'App\\Cont...', '/var/www/html/c...', 41)
#1 [internal function]: Cake\Error\BaseErrorHandler->Cake\Error\{closure}()
#2 {main}


Request URL: /calc
Referer URL: http://localhost/cakedate/
Client IP: 127.0.0.1
2019-02-07 12:13:12 Warning: DebugKit not enabled. You need to either install pdo_sqlite, or define the "debug_kit" connection name.
2019-02-07 12:13:12 Error: Fatal Error (1): Class 'App\Controller\Time' not found in [/var/www/html/cakedate/src/Controller/CalcController.php, line 41]
Request URL: /calc
Referer URL: http://localhost/cakedate/
Client IP: 127.0.0.1
Trace:
Cake\Error\BaseErrorHandler::handleFatalError() - CORE/src/Error/BaseErrorHandler.php, line 229
Cake\Error\BaseErrorHandler::Cake\Error\{closure}() - CORE/src/Error/BaseErrorHandler.php, line 110
[main] - [internal], line ??



2019-02-07 12:13:12 Error: [Cake\Error\FatalErrorException] Class 'App\Controller\Time' not found in /var/www/html/cakedate/src/Controller/CalcController.php on line 41
Stack Trace:
#0 /var/www/html/cakedate/vendor/cakephp/cakephp/src/Error/BaseErrorHandler.php(110): Cake\Error\BaseErrorHandler->handleFatalError(1, 'Class 'App\\Cont...', '/var/www/html/c...', 41)
#1 [internal function]: Cake\Error\BaseErrorHandler->Cake\Error\{closure}()
#2 {main}


Request URL: /calc
Referer URL: http://localhost/cakedate/
Client IP: 127.0.0.1
2019-02-07 12:13:12 Warning: DebugKit not enabled. You need to either install pdo_sqlite, or define the "debug_kit" connection name.
2019-02-07 12:13:12 Error: Fatal Error (1): Class 'App\Controller\Time' not found in [/var/www/html/cakedate/src/Controller/CalcController.php, line 41]
Request URL: /calc
Referer URL: http://localhost/cakedate/
Client IP: 127.0.0.1
Trace:
Cake\Error\BaseErrorHandler::handleFatalError() - CORE/src/Error/BaseErrorHandler.php, line 229
Cake\Error\BaseErrorHandler::Cake\Error\{closure}() - CORE/src/Error/BaseErrorHandler.php, line 110
[main] - [internal], line ??



2019-02-07 12:13:12 Error: [Cake\Error\FatalErrorException] Class 'App\Controller\Time' not found in /var/www/html/cakedate/src/Controller/CalcController.php on line 41
Stack Trace:
#0 /var/www/html/cakedate/vendor/cakephp/cakephp/src/Error/BaseErrorHandler.php(110): Cake\Error\BaseErrorHandler->handleFatalError(1, 'Class 'App\\Cont...', '/var/www/html/c...', 41)
#1 [internal function]: Cake\Error\BaseErrorHandler->Cake\Error\{closure}()
#2 {main}


Request URL: /calc
Referer URL: http://localhost/cakedate/
Client IP: 127.0.0.1
2019-02-07 12:13:12 Warning: DebugKit not enabled. You need to either install pdo_sqlite, or define the "debug_kit" connection name.
2019-02-07 12:13:12 Error: Fatal Error (1): Class 'App\Controller\Time' not found in [/var/www/html/cakedate/src/Controller/CalcController.php, line 41]
Request URL: /calc
Referer URL: http://localhost/cakedate/
Client IP: 127.0.0.1
Trace:
Cake\Error\BaseErrorHandler::handleFatalError() - CORE/src/Error/BaseErrorHandler.php, line 229
Cake\Error\BaseErrorHandler::Cake\Error\{closure}() - CORE/src/Error/BaseErrorHandler.php, line 110
[main] - [internal], line ??



2019-02-07 12:13:12 Error: [Cake\Error\FatalErrorException] Class 'App\Controller\Time' not found in /var/www/html/cakedate/src/Controller/CalcController.php on line 41
Stack Trace:
#0 /var/www/html/cakedate/vendor/cakephp/cakephp/src/Error/BaseErrorHandler.php(110): Cake\Error\BaseErrorHandler->handleFatalError(1, 'Class 'App\\Cont...', '/var/www/html/c...', 41)
#1 [internal function]: Cake\Error\BaseErrorHandler->Cake\Error\{closure}()
#2 {main}


Request URL: /calc
Referer URL: http://localhost/cakedate/
Client IP: 127.0.0.1
2019-02-07 12:13:16 Warning: DebugKit not enabled. You need to either install pdo_sqlite, or define the "debug_kit" connection name.
2019-02-07 12:13:16 Error: Fatal Error (1): Class 'App\Controller\Time' not found in [/var/www/html/cakedate/src/Controller/CalcController.php, line 41]
Request URL: /calc
Referer URL: http://localhost/cakedate/
Client IP: 127.0.0.1
Trace:
Cake\Error\BaseErrorHandler::handleFatalError() - CORE/src/Error/BaseErrorHandler.php, line 229
Cake\Error\BaseErrorHandler::Cake\Error\{closure}() - CORE/src/Error/BaseErrorHandler.php, line 110
[main] - [internal], line ??



2019-02-07 12:13:16 Error: [Cake\Error\FatalErrorException] Class 'App\Controller\Time' not found in /var/www/html/cakedate/src/Controller/CalcController.php on line 41
Stack Trace:
#0 /var/www/html/cakedate/vendor/cakephp/cakephp/src/Error/BaseErrorHandler.php(110): Cake\Error\BaseErrorHandler->handleFatalError(1, 'Class 'App\\Cont...', '/var/www/html/c...', 41)
#1 [internal function]: Cake\Error\BaseErrorHandler->Cake\Error\{closure}()
#2 {main}


Request URL: /calc
Referer URL: http://localhost/cakedate/
Client IP: 127.0.0.1
2019-02-07 12:13:56 Warning: DebugKit not enabled. You need to either install pdo_sqlite, or define the "debug_kit" connection name.
2019-02-07 12:14:44 Warning: DebugKit not enabled. You need to either install pdo_sqlite, or define the "debug_kit" connection name.
2019-02-07 12:19:11 Warning: DebugKit not enabled. You need to either install pdo_sqlite, or define the "debug_kit" connection name.
2019-02-07 12:19:47 Warning: DebugKit not enabled. You need to either install pdo_sqlite, or define the "debug_kit" connection name.
2019-02-07 12:20:56 Warning: DebugKit not enabled. You need to either install pdo_sqlite, or define the "debug_kit" connection name.
2019-02-07 12:20:59 Warning: DebugKit not enabled. You need to either install pdo_sqlite, or define the "debug_kit" connection name.
2019-02-07 12:21:58 Warning: DebugKit not enabled. You need to either install pdo_sqlite, or define the "debug_kit" connection name.
2019-02-07 12:28:15 Warning: DebugKit not enabled. You need to either install pdo_sqlite, or define the "debug_kit" connection name.
2019-02-07 12:28:22 Warning: DebugKit not enabled. You need to either install pdo_sqlite, or define the "debug_kit" connection name.
2019-02-07 12:28:45 Warning: DebugKit not enabled. You need to either install pdo_sqlite, or define the "debug_kit" connection name.
2019-02-07 12:28:49 Warning: DebugKit not enabled. You need to either install pdo_sqlite, or define the "debug_kit" connection name.
2019-02-07 12:29:26 Warning: DebugKit not enabled. You need to either install pdo_sqlite, or define the "debug_kit" connection name.
2019-02-07 12:29:33 Warning: DebugKit not enabled. You need to either install pdo_sqlite, or define the "debug_kit" connection name.
2019-02-07 12:30:40 Warning: DebugKit not enabled. You need to either install pdo_sqlite, or define the "debug_kit" connection name.
2019-02-07 12:30:42 Warning: DebugKit not enabled. You need to either install pdo_sqlite, or define the "debug_kit" connection name.
2019-02-07 12:34:23 Warning: DebugKit not enabled. You need to either install pdo_sqlite, or define the "debug_kit" connection name.
2019-02-07 12:34:37 Warning: DebugKit not enabled. You need to either install pdo_sqlite, or define the "debug_kit" connection name.
2019-02-07 12:34:43 Warning: DebugKit not enabled. You need to either install pdo_sqlite, or define the "debug_kit" connection name.
2019-02-07 12:35:19 Warning: DebugKit not enabled. You need to either install pdo_sqlite, or define the "debug_kit" connection name.
2019-02-07 12:35:21 Warning: DebugKit not enabled. You need to either install pdo_sqlite, or define the "debug_kit" connection name.
2019-02-07 12:35:38 Warning: DebugKit not enabled. You need to either install pdo_sqlite, or define the "debug_kit" connection name.
2019-02-07 12:35:39 Warning: DebugKit not enabled. You need to either install pdo_sqlite, or define the "debug_kit" connection name.
2019-02-07 12:38:04 Warning: DebugKit not enabled. You need to either install pdo_sqlite, or define the "debug_kit" connection name.
2019-02-07 12:38:05 Warning: DebugKit not enabled. You need to either install pdo_sqlite, or define the "debug_kit" connection name.
2019-02-07 12:39:52 Warning: DebugKit not enabled. You need to either install pdo_sqlite, or define the "debug_kit" connection name.
2019-02-07 12:40:15 Warning: DebugKit not enabled. You need to either install pdo_sqlite, or define the "debug_kit" connection name.
2019-02-07 12:43:36 Warning: DebugKit not enabled. You need to either install pdo_sqlite, or define the "debug_kit" connection name.
2019-02-07 12:43:39 Warning: DebugKit not enabled. You need to either install pdo_sqlite, or define the "debug_kit" connection name.
2019-02-07 12:44:14 Warning: DebugKit not enabled. You need to either install pdo_sqlite, or define the "debug_kit" connection name.
2019-02-07 12:44:15 Warning: DebugKit not enabled. You need to either install pdo_sqlite, or define the "debug_kit" connection name.
2019-02-07 12:44:27 Warning: DebugKit not enabled. You need to either install pdo_sqlite, or define the "debug_kit" connection name.
2019-02-07 12:44:28 Warning: DebugKit not enabled. You need to either install pdo_sqlite, or define the "debug_kit" connection name.
2019-02-07 12:47:08 Warning: DebugKit not enabled. You need to either install pdo_sqlite, or define the "debug_kit" connection name.
2019-02-07 12:47:18 Warning: DebugKit not enabled. You need to either install pdo_sqlite, or define the "debug_kit" connection name.
2019-02-07 12:47:20 Warning: DebugKit not enabled. You need to either install pdo_sqlite, or define the "debug_kit" connection name.
2019-02-07 12:47:29 Warning: DebugKit not enabled. You need to either install pdo_sqlite, or define the "debug_kit" connection name.
2019-02-07 12:47:43 Warning: DebugKit not enabled. You need to either install pdo_sqlite, or define the "debug_kit" connection name.
2019-02-07 12:48:09 Warning: DebugKit not enabled. You need to either install pdo_sqlite, or define the "debug_kit" connection name.
2019-02-07 12:48:12 Warning: DebugKit not enabled. You need to either install pdo_sqlite, or define the "debug_kit" connection name.
2019-02-07 12:48:26 Warning: DebugKit not enabled. You need to either install pdo_sqlite, or define the "debug_kit" connection name.
2019-02-07 12:48:28 Warning: DebugKit not enabled. You need to either install pdo_sqlite, or define the "debug_kit" connection name.
2019-02-07 12:55:39 Warning: DebugKit not enabled. You need to either install pdo_sqlite, or define the "debug_kit" connection name.
2019-02-07 12:55:57 Warning: DebugKit not enabled. You need to either install pdo_sqlite, or define the "debug_kit" connection name.
2019-02-07 12:56:14 Warning: DebugKit not enabled. You need to either install pdo_sqlite, or define the "debug_kit" connection name.
2019-02-07 12:56:29 Warning: DebugKit not enabled. You need to either install pdo_sqlite, or define the "debug_kit" connection name.
2019-02-07 12:56:30 Warning: DebugKit not enabled. You need to either install pdo_sqlite, or define the "debug_kit" connection name.
2019-02-07 12:56:32 Warning: DebugKit not enabled. You need to either install pdo_sqlite, or define the "debug_kit" connection name.
2019-02-07 12:56:34 Warning: DebugKit not enabled. You need to either install pdo_sqlite, or define the "debug_kit" connection name.
2019-02-07 12:56:44 Warning: DebugKit not enabled. You need to either install pdo_sqlite, or define the "debug_kit" connection name.
2019-02-07 12:56:58 Warning: DebugKit not enabled. You need to either install pdo_sqlite, or define the "debug_kit" connection name.
2019-02-07 13:03:13 Warning: DebugKit not enabled. You need to either install pdo_sqlite, or define the "debug_kit" connection name.
2019-02-07 13:03:20 Warning: DebugKit not enabled. You need to either install pdo_sqlite, or define the "debug_kit" connection name.
2019-02-07 13:03:21 Warning: Warning (2): Illegal string offset 'error' in [/var/www/html/cakedate/src/Controller/CalcController.php, line 79]
Request URL: /calc
Referer URL: http://localhost/cakedate/
Client IP: 127.0.0.1
Trace:
Cake\Error\BaseErrorHandler::handleError() - CORE/src/Error/BaseErrorHandler.php, line 159
Cake\Core\BasePlugin::{closure}() - ROOT/vendor/cakephp/debug_kit/config/bootstrap.php, line 42
App\Controller\CalcController::index() - APP/Controller/CalcController.php, line 79
Cake\Controller\Controller::invokeAction() - CORE/src/Controller/Controller.php, line 610
Cake\Http\ActionDispatcher::_invoke() - CORE/src/Http/ActionDispatcher.php, line 120
Cake\Http\ActionDispatcher::dispatch() - CORE/src/Http/ActionDispatcher.php, line 94
Cake\Http\BaseApplication::__invoke() - CORE/src/Http/BaseApplication.php, line 235
Cake\Http\Runner::__invoke() - CORE/src/Http/Runner.php, line 65
Cake\Http\Runner::__invoke() - CORE/src/Http/Runner.php, line 65
Cake\Http\Middleware\CsrfProtectionMiddleware::__invoke() - CORE/src/Http/Middleware/CsrfProtectionMiddleware.php, line 108
Cake\Http\Runner::__invoke() - CORE/src/Http/Runner.php, line 65
Cake\Http\Runner::run() - CORE/src/Http/Runner.php, line 51
Cake\Routing\Middleware\RoutingMiddleware::__invoke() - CORE/src/Routing/Middleware/RoutingMiddleware.php, line 168
Cake\Http\Runner::__invoke() - CORE/src/Http/Runner.php, line 65
Cake\Routing\Middleware\AssetMiddleware::__invoke() - CORE/src/Routing/Middleware/AssetMiddleware.php, line 88
Cake\Http\Runner::__invoke() - CORE/src/Http/Runner.php, line 65
Cake\Error\Middleware\ErrorHandlerMiddleware::__invoke() - CORE/src/Error/Middleware/ErrorHandlerMiddleware.php, line 98
Cake\Http\Runner::__invoke() - CORE/src/Http/Runner.php, line 65
Cake\Http\Runner::run() - CORE/src/Http/Runner.php, line 51
Cake\Http\Server::run() - CORE/src/Http/Server.php, line 98
[main] - ROOT/webroot/index.php, line 40



2019-02-07 13:03:21 Warning: Warning (512): Unable to emit headers. Headers sent in file=/var/www/html/cakedate/vendor/cakephp/cakephp/src/Error/Debugger.php line=853 in [/var/www/html/cakedate/vendor/cakephp/cakephp/src/Http/ResponseEmitter.php, line 48]
Request URL: /calc
Referer URL: http://localhost/cakedate/
Client IP: 127.0.0.1
Trace:
Cake\Error\BaseErrorHandler::handleError() - CORE/src/Error/BaseErrorHandler.php, line 159
Cake\Core\BasePlugin::{closure}() - ROOT/vendor/cakephp/debug_kit/config/bootstrap.php, line 42
Cake\Http\ResponseEmitter::emit() - CORE/src/Http/ResponseEmitter.php, line 48
Cake\Http\Server::emit() - CORE/src/Http/Server.php, line 141
[main] - ROOT/webroot/index.php, line 40



2019-02-07 13:03:21 Warning: Warning (2): Cannot modify header information - headers already sent by (output started at /var/www/html/cakedate/vendor/cakephp/cakephp/src/Error/Debugger.php:853) in [/var/www/html/cakedate/vendor/cakephp/cakephp/src/Http/ResponseEmitter.php, line 149]
Request URL: /calc
Referer URL: http://localhost/cakedate/
Client IP: 127.0.0.1
Trace:
Cake\Error\BaseErrorHandler::handleError() - CORE/src/Error/BaseErrorHandler.php, line 159
Cake\Core\BasePlugin::{closure}() - ROOT/vendor/cakephp/debug_kit/config/bootstrap.php, line 42
header - [internal], line ??
Cake\Http\ResponseEmitter::emitStatusLine() - CORE/src/Http/ResponseEmitter.php, line 149
Cake\Http\ResponseEmitter::emit() - CORE/src/Http/ResponseEmitter.php, line 54
Cake\Http\Server::emit() - CORE/src/Http/Server.php, line 141
[main] - ROOT/webroot/index.php, line 40



2019-02-07 13:03:21 Warning: Warning (2): Cannot modify header information - headers already sent by (output started at /var/www/html/cakedate/vendor/cakephp/cakephp/src/Error/Debugger.php:853) in [/var/www/html/cakedate/vendor/cakephp/cakephp/src/Http/ResponseEmitter.php, line 181]
Request URL: /calc
Referer URL: http://localhost/cakedate/
Client IP: 127.0.0.1
Trace:
Cake\Error\BaseErrorHandler::handleError() - CORE/src/Error/BaseErrorHandler.php, line 159
Cake\Core\BasePlugin::{closure}() - ROOT/vendor/cakephp/debug_kit/config/bootstrap.php, line 42
header - [internal], line ??
Cake\Http\ResponseEmitter::emitHeaders() - CORE/src/Http/ResponseEmitter.php, line 181
Cake\Http\ResponseEmitter::emit() - CORE/src/Http/ResponseEmitter.php, line 55
Cake\Http\Server::emit() - CORE/src/Http/Server.php, line 141
[main] - ROOT/webroot/index.php, line 40



2019-02-07 13:04:04 Warning: DebugKit not enabled. You need to either install pdo_sqlite, or define the "debug_kit" connection name.
2019-02-07 13:04:07 Warning: DebugKit not enabled. You need to either install pdo_sqlite, or define the "debug_kit" connection name.
2019-02-07 13:04:51 Warning: DebugKit not enabled. You need to either install pdo_sqlite, or define the "debug_kit" connection name.
2019-02-07 13:04:57 Warning: DebugKit not enabled. You need to either install pdo_sqlite, or define the "debug_kit" connection name.
2019-02-07 13:06:05 Warning: DebugKit not enabled. You need to either install pdo_sqlite, or define the "debug_kit" connection name.
2019-02-07 13:06:15 Warning: DebugKit not enabled. You need to either install pdo_sqlite, or define the "debug_kit" connection name.
2019-02-07 13:06:39 Warning: DebugKit not enabled. You need to either install pdo_sqlite, or define the "debug_kit" connection name.
2019-02-07 13:06:41 Warning: DebugKit not enabled. You need to either install pdo_sqlite, or define the "debug_kit" connection name.
2019-02-07 13:06:57 Warning: DebugKit not enabled. You need to either install pdo_sqlite, or define the "debug_kit" connection name.
2019-02-07 13:07:25 Warning: DebugKit not enabled. You need to either install pdo_sqlite, or define the "debug_kit" connection name.
2019-02-07 13:07:26 Warning: DebugKit not enabled. You need to either install pdo_sqlite, or define the "debug_kit" connection name.
2019-02-07 13:07:28 Warning: DebugKit not enabled. You need to either install pdo_sqlite, or define the "debug_kit" connection name.
2019-02-07 13:07:30 Warning: DebugKit not enabled. You need to either install pdo_sqlite, or define the "debug_kit" connection name.
2019-02-07 13:33:25 Warning: DebugKit not enabled. You need to either install pdo_sqlite, or define the "debug_kit" connection name.
